<?xml version="1.0" encoding="UTF-8"?>
<coverage generated="1748909985637" clover="3.2.0">
  <project timestamp="1748909985637" name="All files">
    <metrics statements="1608" coveredstatements="348" conditionals="117" coveredconditionals="65" methods="76" coveredmethods="29" elements="1801" coveredelements="442" complexity="0" loc="1608" ncloc="1608" packages="47" files="72" classes="72"/>
    <package name="src">
      <metrics statements="26" coveredstatements="0" conditionals="3" coveredconditionals="0" methods="3" coveredmethods="0"/>
      <file name="App.tsx" path="C:\Users\User\Desktop\testTask\avitoTestTask\client\src\App.tsx">
        <metrics statements="9" coveredstatements="0" conditionals="1" coveredconditionals="0" methods="1" coveredmethods="0"/>
        <line num="1" count="0" type="cond" truecount="0" falsecount="1"/>
        <line num="2" count="0" type="stmt"/>
        <line num="4" count="0" type="stmt"/>
        <line num="5" count="0" type="stmt"/>
        <line num="6" count="0" type="stmt"/>
        <line num="7" count="0" type="stmt"/>
        <line num="8" count="0" type="stmt"/>
        <line num="10" count="0" type="stmt"/>
        <line num="12" count="0" type="stmt"/>
      </file>
      <file name="main.tsx" path="C:\Users\User\Desktop\testTask\avitoTestTask\client\src\main.tsx">
        <metrics statements="16" coveredstatements="0" conditionals="1" coveredconditionals="0" methods="1" coveredmethods="0"/>
        <line num="1" count="0" type="cond" truecount="0" falsecount="1"/>
        <line num="2" count="0" type="stmt"/>
        <line num="3" count="0" type="stmt"/>
        <line num="4" count="0" type="stmt"/>
        <line num="5" count="0" type="stmt"/>
        <line num="6" count="0" type="stmt"/>
        <line num="7" count="0" type="stmt"/>
        <line num="9" count="0" type="stmt"/>
        <line num="10" count="0" type="stmt"/>
        <line num="11" count="0" type="stmt"/>
        <line num="12" count="0" type="stmt"/>
        <line num="13" count="0" type="stmt"/>
        <line num="14" count="0" type="stmt"/>
        <line num="15" count="0" type="stmt"/>
        <line num="16" count="0" type="stmt"/>
        <line num="17" count="0" type="stmt"/>
      </file>
      <file name="setupTests.ts" path="C:\Users\User\Desktop\testTask\avitoTestTask\client\src\setupTests.ts">
        <metrics statements="1" coveredstatements="0" conditionals="1" coveredconditionals="0" methods="1" coveredmethods="0"/>
        <line num="1" count="0" type="cond" truecount="0" falsecount="1"/>
      </file>
    </package>
    <package name="src.components.buttons.createIssue">
      <metrics statements="10" coveredstatements="0" conditionals="1" coveredconditionals="0" methods="1" coveredmethods="0"/>
      <file name="index.tsx" path="C:\Users\User\Desktop\testTask\avitoTestTask\client\src\components\buttons\createIssue\index.tsx">
        <metrics statements="10" coveredstatements="0" conditionals="1" coveredconditionals="0" methods="1" coveredmethods="0"/>
        <line num="1" count="0" type="cond" truecount="0" falsecount="1"/>
        <line num="2" count="0" type="stmt"/>
        <line num="3" count="0" type="stmt"/>
        <line num="5" count="0" type="stmt"/>
        <line num="6" count="0" type="stmt"/>
        <line num="8" count="0" type="stmt"/>
        <line num="9" count="0" type="stmt"/>
        <line num="10" count="0" type="stmt"/>
        <line num="12" count="0" type="stmt"/>
        <line num="13" count="0" type="stmt"/>
      </file>
    </package>
    <package name="src.components.buttons.headerButtons">
      <metrics statements="9" coveredstatements="0" conditionals="1" coveredconditionals="0" methods="1" coveredmethods="0"/>
      <file name="NavigationButtons.tsx" path="C:\Users\User\Desktop\testTask\avitoTestTask\client\src\components\buttons\headerButtons\NavigationButtons.tsx">
        <metrics statements="9" coveredstatements="0" conditionals="1" coveredconditionals="0" methods="1" coveredmethods="0"/>
        <line num="1" count="0" type="cond" truecount="0" falsecount="1"/>
        <line num="2" count="0" type="stmt"/>
        <line num="4" count="0" type="stmt"/>
        <line num="5" count="0" type="stmt"/>
        <line num="6" count="0" type="stmt"/>
        <line num="8" count="0" type="stmt"/>
        <line num="9" count="0" type="stmt"/>
        <line num="11" count="0" type="stmt"/>
        <line num="12" count="0" type="stmt"/>
      </file>
    </package>
    <package name="src.components.features.assigneeInfo">
      <metrics statements="18" coveredstatements="0" conditionals="2" coveredconditionals="1" methods="2" coveredmethods="1"/>
      <file name="index.tsx" path="C:\Users\User\Desktop\testTask\avitoTestTask\client\src\components\features\assigneeInfo\index.tsx">
        <metrics statements="14" coveredstatements="0" conditionals="1" coveredconditionals="1" methods="1" coveredmethods="1"/>
        <line num="2" count="0" type="stmt"/>
        <line num="3" count="0" type="stmt"/>
        <line num="5" count="0" type="stmt"/>
        <line num="6" count="0" type="stmt"/>
        <line num="7" count="0" type="stmt"/>
        <line num="8" count="0" type="stmt"/>
        <line num="9" count="0" type="stmt"/>
        <line num="10" count="0" type="stmt"/>
        <line num="11" count="0" type="stmt"/>
        <line num="12" count="0" type="stmt"/>
        <line num="13" count="0" type="stmt"/>
        <line num="14" count="0" type="stmt"/>
        <line num="15" count="0" type="stmt"/>
        <line num="17" count="0" type="stmt"/>
      </file>
      <file name="style.ts" path="C:\Users\User\Desktop\testTask\avitoTestTask\client\src\components\features\assigneeInfo\style.ts">
        <metrics statements="4" coveredstatements="0" conditionals="1" coveredconditionals="0" methods="1" coveredmethods="0"/>
        <line num="1" count="0" type="cond" truecount="0" falsecount="1"/>
        <line num="2" count="0" type="stmt"/>
        <line num="3" count="0" type="stmt"/>
        <line num="4" count="0" type="stmt"/>
      </file>
    </package>
    <package name="src.components.features.boardsList">
      <metrics statements="27" coveredstatements="0" conditionals="2" coveredconditionals="0" methods="2" coveredmethods="0"/>
      <file name="index.tsx" path="C:\Users\User\Desktop\testTask\avitoTestTask\client\src\components\features\boardsList\index.tsx">
        <metrics statements="16" coveredstatements="0" conditionals="1" coveredconditionals="0" methods="1" coveredmethods="0"/>
        <line num="1" count="0" type="cond" truecount="0" falsecount="1"/>
        <line num="2" count="0" type="stmt"/>
        <line num="3" count="0" type="stmt"/>
        <line num="4" count="0" type="stmt"/>
        <line num="7" count="0" type="stmt"/>
        <line num="8" count="0" type="stmt"/>
        <line num="9" count="0" type="stmt"/>
        <line num="10" count="0" type="stmt"/>
        <line num="11" count="0" type="stmt"/>
        <line num="12" count="0" type="stmt"/>
        <line num="13" count="0" type="stmt"/>
        <line num="14" count="0" type="stmt"/>
        <line num="15" count="0" type="stmt"/>
        <line num="16" count="0" type="stmt"/>
        <line num="17" count="0" type="stmt"/>
        <line num="18" count="0" type="stmt"/>
      </file>
      <file name="style.ts" path="C:\Users\User\Desktop\testTask\avitoTestTask\client\src\components\features\boardsList\style.ts">
        <metrics statements="11" coveredstatements="0" conditionals="1" coveredconditionals="0" methods="1" coveredmethods="0"/>
        <line num="1" count="0" type="cond" truecount="0" falsecount="1"/>
        <line num="2" count="0" type="stmt"/>
        <line num="3" count="0" type="stmt"/>
        <line num="4" count="0" type="stmt"/>
        <line num="5" count="0" type="stmt"/>
        <line num="6" count="0" type="stmt"/>
        <line num="7" count="0" type="stmt"/>
        <line num="8" count="0" type="stmt"/>
        <line num="9" count="0" type="stmt"/>
        <line num="10" count="0" type="stmt"/>
        <line num="11" count="0" type="stmt"/>
      </file>
    </package>
    <package name="src.components.features.filter">
      <metrics statements="96" coveredstatements="0" conditionals="2" coveredconditionals="1" methods="2" coveredmethods="1"/>
      <file name="index.tsx" path="C:\Users\User\Desktop\testTask\avitoTestTask\client\src\components\features\filter\index.tsx">
        <metrics statements="80" coveredstatements="0" conditionals="1" coveredconditionals="1" methods="1" coveredmethods="1"/>
        <line num="2" count="0" type="stmt"/>
        <line num="3" count="0" type="stmt"/>
        <line num="4" count="0" type="stmt"/>
        <line num="18" count="0" type="stmt"/>
        <line num="19" count="0" type="stmt"/>
        <line num="20" count="0" type="stmt"/>
        <line num="21" count="0" type="stmt"/>
        <line num="22" count="0" type="stmt"/>
        <line num="23" count="0" type="stmt"/>
        <line num="24" count="0" type="stmt"/>
        <line num="25" count="0" type="stmt"/>
        <line num="26" count="0" type="stmt"/>
        <line num="27" count="0" type="stmt"/>
        <line num="28" count="0" type="stmt"/>
        <line num="30" count="0" type="stmt"/>
        <line num="31" count="0" type="stmt"/>
        <line num="32" count="0" type="stmt"/>
        <line num="33" count="0" type="stmt"/>
        <line num="34" count="0" type="stmt"/>
        <line num="35" count="0" type="stmt"/>
        <line num="37" count="0" type="stmt"/>
        <line num="38" count="0" type="stmt"/>
        <line num="39" count="0" type="stmt"/>
        <line num="41" count="0" type="stmt"/>
        <line num="42" count="0" type="stmt"/>
        <line num="43" count="0" type="stmt"/>
        <line num="45" count="0" type="stmt"/>
        <line num="46" count="0" type="stmt"/>
        <line num="47" count="0" type="stmt"/>
        <line num="48" count="0" type="stmt"/>
        <line num="49" count="0" type="stmt"/>
        <line num="50" count="0" type="stmt"/>
        <line num="51" count="0" type="stmt"/>
        <line num="52" count="0" type="stmt"/>
        <line num="53" count="0" type="stmt"/>
        <line num="54" count="0" type="stmt"/>
        <line num="55" count="0" type="stmt"/>
        <line num="56" count="0" type="stmt"/>
        <line num="58" count="0" type="stmt"/>
        <line num="59" count="0" type="stmt"/>
        <line num="61" count="0" type="stmt"/>
        <line num="62" count="0" type="stmt"/>
        <line num="63" count="0" type="stmt"/>
        <line num="64" count="0" type="stmt"/>
        <line num="65" count="0" type="stmt"/>
        <line num="66" count="0" type="stmt"/>
        <line num="68" count="0" type="stmt"/>
        <line num="69" count="0" type="stmt"/>
        <line num="70" count="0" type="stmt"/>
        <line num="71" count="0" type="stmt"/>
        <line num="72" count="0" type="stmt"/>
        <line num="74" count="0" type="stmt"/>
        <line num="75" count="0" type="stmt"/>
        <line num="76" count="0" type="stmt"/>
        <line num="77" count="0" type="stmt"/>
        <line num="78" count="0" type="stmt"/>
        <line num="79" count="0" type="stmt"/>
        <line num="80" count="0" type="stmt"/>
        <line num="82" count="0" type="stmt"/>
        <line num="83" count="0" type="stmt"/>
        <line num="85" count="0" type="stmt"/>
        <line num="86" count="0" type="stmt"/>
        <line num="87" count="0" type="stmt"/>
        <line num="88" count="0" type="stmt"/>
        <line num="89" count="0" type="stmt"/>
        <line num="91" count="0" type="stmt"/>
        <line num="92" count="0" type="stmt"/>
        <line num="93" count="0" type="stmt"/>
        <line num="94" count="0" type="stmt"/>
        <line num="95" count="0" type="stmt"/>
        <line num="96" count="0" type="stmt"/>
        <line num="97" count="0" type="stmt"/>
        <line num="98" count="0" type="stmt"/>
        <line num="99" count="0" type="stmt"/>
        <line num="100" count="0" type="stmt"/>
        <line num="101" count="0" type="stmt"/>
        <line num="102" count="0" type="stmt"/>
        <line num="103" count="0" type="stmt"/>
        <line num="104" count="0" type="stmt"/>
        <line num="106" count="0" type="stmt"/>
      </file>
      <file name="styles.ts" path="C:\Users\User\Desktop\testTask\avitoTestTask\client\src\components\features\filter\styles.ts">
        <metrics statements="16" coveredstatements="0" conditionals="1" coveredconditionals="0" methods="1" coveredmethods="0"/>
        <line num="1" count="0" type="cond" truecount="0" falsecount="1"/>
        <line num="2" count="0" type="stmt"/>
        <line num="3" count="0" type="stmt"/>
        <line num="4" count="0" type="stmt"/>
        <line num="5" count="0" type="stmt"/>
        <line num="6" count="0" type="stmt"/>
        <line num="7" count="0" type="stmt"/>
        <line num="8" count="0" type="stmt"/>
        <line num="9" count="0" type="stmt"/>
        <line num="10" count="0" type="stmt"/>
        <line num="11" count="0" type="stmt"/>
        <line num="12" count="0" type="stmt"/>
        <line num="13" count="0" type="stmt"/>
        <line num="14" count="0" type="stmt"/>
        <line num="15" count="0" type="stmt"/>
        <line num="16" count="0" type="stmt"/>
      </file>
    </package>
    <package name="src.components.features.search">
      <metrics statements="51" coveredstatements="51" conditionals="16" coveredconditionals="15" methods="2" coveredmethods="2"/>
      <file name="index.tsx" path="C:\Users\User\Desktop\testTask\avitoTestTask\client\src\components\features\search\index.tsx">
        <metrics statements="48" coveredstatements="48" conditionals="16" coveredconditionals="15" methods="2" coveredmethods="2"/>
        <line num="1" count="1" type="stmt"/>
        <line num="2" count="1" type="stmt"/>
        <line num="4" count="1" type="stmt"/>
        <line num="5" count="1" type="stmt"/>
        <line num="6" count="1" type="stmt"/>
        <line num="8" count="1" type="cond" truecount="1" falsecount="0"/>
        <line num="9" count="16" type="stmt"/>
        <line num="10" count="16" type="stmt"/>
        <line num="11" count="16" type="cond" truecount="1" falsecount="0"/>
        <line num="12" count="16" type="stmt"/>
        <line num="13" count="16" type="stmt"/>
        <line num="14" count="16" type="cond" truecount="1" falsecount="0"/>
        <line num="15" count="16" type="stmt"/>
        <line num="16" count="16" type="stmt"/>
        <line num="17" count="16" type="cond" truecount="1" falsecount="0"/>
        <line num="18" count="16" type="stmt"/>
        <line num="19" count="16" type="stmt"/>
        <line num="21" count="16" type="cond" truecount="1" falsecount="0"/>
        <line num="22" count="16" type="stmt"/>
        <line num="23" count="16" type="cond" truecount="1" falsecount="0"/>
        <line num="24" count="34" type="cond" truecount="2" falsecount="0"/>
        <line num="25" count="34" type="cond" truecount="1" falsecount="0"/>
        <line num="26" count="15" type="cond" truecount="1" falsecount="0"/>
        <line num="27" count="19" type="stmt"/>
        <line num="28" count="34" type="stmt"/>
        <line num="29" count="34" type="cond" truecount="1" falsecount="0"/>
        <line num="30" count="14" type="stmt"/>
        <line num="31" count="14" type="stmt"/>
        <line num="32" count="14" type="cond" truecount="0" falsecount="1"/>
        <line num="33" count="14" type="cond" truecount="1" falsecount="0"/>
        <line num="34" count="14" type="stmt"/>
        <line num="36" count="34" type="cond" truecount="2" falsecount="0"/>
        <line num="37" count="16" type="stmt"/>
        <line num="38" count="16" type="stmt"/>
        <line num="39" count="16" type="stmt"/>
        <line num="41" count="16" type="cond" truecount="1" falsecount="0"/>
        <line num="42" count="8" type="stmt"/>
        <line num="43" count="8" type="stmt"/>
        <line num="44" count="16" type="stmt"/>
        <line num="45" count="16" type="stmt"/>
        <line num="46" count="16" type="stmt"/>
        <line num="47" count="16" type="stmt"/>
        <line num="48" count="16" type="stmt"/>
        <line num="49" count="16" type="stmt"/>
        <line num="50" count="16" type="stmt"/>
        <line num="51" count="16" type="stmt"/>
        <line num="52" count="16" type="stmt"/>
        <line num="54" count="16" type="stmt"/>
      </file>
      <file name="style.ts" path="C:\Users\User\Desktop\testTask\avitoTestTask\client\src\components\features\search\style.ts">
        <metrics statements="3" coveredstatements="3" conditionals="0" coveredconditionals="0" methods="0" coveredmethods="0"/>
        <line num="1" count="1" type="stmt"/>
        <line num="2" count="1" type="stmt"/>
        <line num="3" count="1" type="stmt"/>
      </file>
    </package>
    <package name="src.components.features.taskGroup">
      <metrics statements="74" coveredstatements="0" conditionals="2" coveredconditionals="1" methods="2" coveredmethods="1"/>
      <file name="index.tsx" path="C:\Users\User\Desktop\testTask\avitoTestTask\client\src\components\features\taskGroup\index.tsx">
        <metrics statements="60" coveredstatements="0" conditionals="1" coveredconditionals="1" methods="1" coveredmethods="1"/>
        <line num="2" count="0" type="stmt"/>
        <line num="3" count="0" type="stmt"/>
        <line num="4" count="0" type="stmt"/>
        <line num="5" count="0" type="stmt"/>
        <line num="6" count="0" type="stmt"/>
        <line num="7" count="0" type="stmt"/>
        <line num="9" count="0" type="stmt"/>
        <line num="10" count="0" type="stmt"/>
        <line num="11" count="0" type="stmt"/>
        <line num="12" count="0" type="stmt"/>
        <line num="13" count="0" type="stmt"/>
        <line num="14" count="0" type="stmt"/>
        <line num="15" count="0" type="stmt"/>
        <line num="16" count="0" type="stmt"/>
        <line num="17" count="0" type="stmt"/>
        <line num="18" count="0" type="stmt"/>
        <line num="20" count="0" type="stmt"/>
        <line num="21" count="0" type="stmt"/>
        <line num="22" count="0" type="stmt"/>
        <line num="23" count="0" type="stmt"/>
        <line num="24" count="0" type="stmt"/>
        <line num="25" count="0" type="stmt"/>
        <line num="26" count="0" type="stmt"/>
        <line num="27" count="0" type="stmt"/>
        <line num="28" count="0" type="stmt"/>
        <line num="30" count="0" type="stmt"/>
        <line num="31" count="0" type="stmt"/>
        <line num="32" count="0" type="stmt"/>
        <line num="34" count="0" type="stmt"/>
        <line num="35" count="0" type="stmt"/>
        <line num="37" count="0" type="stmt"/>
        <line num="40" count="0" type="stmt"/>
        <line num="41" count="0" type="stmt"/>
        <line num="42" count="0" type="stmt"/>
        <line num="43" count="0" type="stmt"/>
        <line num="44" count="0" type="stmt"/>
        <line num="45" count="0" type="stmt"/>
        <line num="46" count="0" type="stmt"/>
        <line num="47" count="0" type="stmt"/>
        <line num="48" count="0" type="stmt"/>
        <line num="49" count="0" type="stmt"/>
        <line num="50" count="0" type="stmt"/>
        <line num="52" count="0" type="stmt"/>
        <line num="53" count="0" type="stmt"/>
        <line num="54" count="0" type="stmt"/>
        <line num="55" count="0" type="stmt"/>
        <line num="56" count="0" type="stmt"/>
        <line num="57" count="0" type="stmt"/>
        <line num="58" count="0" type="stmt"/>
        <line num="59" count="0" type="stmt"/>
        <line num="60" count="0" type="stmt"/>
        <line num="61" count="0" type="stmt"/>
        <line num="62" count="0" type="stmt"/>
        <line num="63" count="0" type="stmt"/>
        <line num="65" count="0" type="stmt"/>
        <line num="66" count="0" type="stmt"/>
        <line num="68" count="0" type="stmt"/>
        <line num="69" count="0" type="stmt"/>
        <line num="71" count="0" type="stmt"/>
        <line num="73" count="0" type="stmt"/>
      </file>
      <file name="style.ts" path="C:\Users\User\Desktop\testTask\avitoTestTask\client\src\components\features\taskGroup\style.ts">
        <metrics statements="14" coveredstatements="0" conditionals="1" coveredconditionals="0" methods="1" coveredmethods="0"/>
        <line num="1" count="0" type="cond" truecount="0" falsecount="1"/>
        <line num="2" count="0" type="stmt"/>
        <line num="3" count="0" type="stmt"/>
        <line num="4" count="0" type="stmt"/>
        <line num="5" count="0" type="stmt"/>
        <line num="6" count="0" type="stmt"/>
        <line num="7" count="0" type="stmt"/>
        <line num="8" count="0" type="stmt"/>
        <line num="9" count="0" type="stmt"/>
        <line num="11" count="0" type="stmt"/>
        <line num="12" count="0" type="stmt"/>
        <line num="13" count="0" type="stmt"/>
        <line num="14" count="0" type="stmt"/>
        <line num="15" count="0" type="stmt"/>
      </file>
    </package>
    <package name="src.components.features.taskListIssues">
      <metrics statements="51" coveredstatements="0" conditionals="2" coveredconditionals="1" methods="2" coveredmethods="1"/>
      <file name="style.ts" path="C:\Users\User\Desktop\testTask\avitoTestTask\client\src\components\features\taskListIssues\style.ts">
        <metrics statements="18" coveredstatements="0" conditionals="1" coveredconditionals="0" methods="1" coveredmethods="0"/>
        <line num="1" count="0" type="cond" truecount="0" falsecount="1"/>
        <line num="2" count="0" type="stmt"/>
        <line num="3" count="0" type="stmt"/>
        <line num="4" count="0" type="stmt"/>
        <line num="5" count="0" type="stmt"/>
        <line num="6" count="0" type="stmt"/>
        <line num="7" count="0" type="stmt"/>
        <line num="8" count="0" type="stmt"/>
        <line num="9" count="0" type="stmt"/>
        <line num="10" count="0" type="stmt"/>
        <line num="11" count="0" type="stmt"/>
        <line num="12" count="0" type="stmt"/>
        <line num="13" count="0" type="stmt"/>
        <line num="14" count="0" type="stmt"/>
        <line num="15" count="0" type="stmt"/>
        <line num="16" count="0" type="stmt"/>
        <line num="17" count="0" type="stmt"/>
        <line num="18" count="0" type="stmt"/>
      </file>
      <file name="taskList.tsx" path="C:\Users\User\Desktop\testTask\avitoTestTask\client\src\components\features\taskListIssues\taskList.tsx">
        <metrics statements="33" coveredstatements="0" conditionals="1" coveredconditionals="1" methods="1" coveredmethods="1"/>
        <line num="2" count="0" type="stmt"/>
        <line num="3" count="0" type="stmt"/>
        <line num="4" count="0" type="stmt"/>
        <line num="5" count="0" type="stmt"/>
        <line num="6" count="0" type="stmt"/>
        <line num="7" count="0" type="stmt"/>
        <line num="8" count="0" type="stmt"/>
        <line num="10" count="0" type="stmt"/>
        <line num="11" count="0" type="stmt"/>
        <line num="12" count="0" type="stmt"/>
        <line num="13" count="0" type="stmt"/>
        <line num="14" count="0" type="stmt"/>
        <line num="15" count="0" type="stmt"/>
        <line num="16" count="0" type="stmt"/>
        <line num="17" count="0" type="stmt"/>
        <line num="18" count="0" type="stmt"/>
        <line num="19" count="0" type="stmt"/>
        <line num="20" count="0" type="stmt"/>
        <line num="21" count="0" type="stmt"/>
        <line num="22" count="0" type="stmt"/>
        <line num="23" count="0" type="stmt"/>
        <line num="24" count="0" type="stmt"/>
        <line num="25" count="0" type="stmt"/>
        <line num="26" count="0" type="stmt"/>
        <line num="27" count="0" type="stmt"/>
        <line num="28" count="0" type="stmt"/>
        <line num="29" count="0" type="stmt"/>
        <line num="30" count="0" type="stmt"/>
        <line num="31" count="0" type="stmt"/>
        <line num="32" count="0" type="stmt"/>
        <line num="33" count="0" type="stmt"/>
        <line num="34" count="0" type="stmt"/>
        <line num="36" count="0" type="stmt"/>
      </file>
    </package>
    <package name="src.components.forms.IssueForm">
      <metrics statements="170" coveredstatements="153" conditionals="27" coveredconditionals="20" methods="2" coveredmethods="1"/>
      <file name="IssueForm.tsx" path="C:\Users\User\Desktop\testTask\avitoTestTask\client\src\components\forms\IssueForm\IssueForm.tsx">
        <metrics statements="170" coveredstatements="153" conditionals="27" coveredconditionals="20" methods="2" coveredmethods="1"/>
        <line num="1" count="1" type="stmt"/>
        <line num="12" count="1" type="stmt"/>
        <line num="14" count="1" type="stmt"/>
        <line num="15" count="1" type="stmt"/>
        <line num="16" count="1" type="stmt"/>
        <line num="17" count="1" type="stmt"/>
        <line num="18" count="1" type="stmt"/>
        <line num="19" count="1" type="stmt"/>
        <line num="20" count="1" type="stmt"/>
        <line num="23" count="1" type="stmt"/>
        <line num="24" count="1" type="stmt"/>
        <line num="25" count="1" type="stmt"/>
        <line num="26" count="1" type="stmt"/>
        <line num="27" count="1" type="stmt"/>
        <line num="28" count="1" type="stmt"/>
        <line num="30" count="1" type="stmt"/>
        <line num="32" count="1" type="cond" truecount="1" falsecount="0"/>
        <line num="33" count="17" type="stmt"/>
        <line num="34" count="17" type="stmt"/>
        <line num="35" count="17" type="stmt"/>
        <line num="38" count="17" type="stmt"/>
        <line num="39" count="17" type="stmt"/>
        <line num="40" count="17" type="stmt"/>
        <line num="41" count="17" type="stmt"/>
        <line num="43" count="17" type="stmt"/>
        <line num="44" count="17" type="stmt"/>
        <line num="45" count="17" type="stmt"/>
        <line num="46" count="17" type="stmt"/>
        <line num="47" count="17" type="stmt"/>
        <line num="49" count="17" type="stmt"/>
        <line num="50" count="17" type="stmt"/>
        <line num="51" count="17" type="stmt"/>
        <line num="52" count="17" type="stmt"/>
        <line num="53" count="17" type="stmt"/>
        <line num="54" count="17" type="stmt"/>
        <line num="55" count="17" type="stmt"/>
        <line num="56" count="17" type="stmt"/>
        <line num="57" count="17" type="stmt"/>
        <line num="59" count="17" type="cond" truecount="1" falsecount="0"/>
        <line num="60" count="17" type="stmt"/>
        <line num="61" count="17" type="stmt"/>
        <line num="62" count="17" type="cond" truecount="1" falsecount="0"/>
        <line num="63" count="2" type="stmt"/>
        <line num="64" count="2" type="stmt"/>
        <line num="65" count="17" type="cond" truecount="0" falsecount="1"/>
        <line num="66" count="0" type="stmt"/>
        <line num="67" count="0" type="cond" truecount="1" falsecount="0"/>
        <line num="68" count="15" type="stmt"/>
        <line num="69" count="17" type="stmt"/>
        <line num="71" count="17" type="stmt"/>
        <line num="72" count="17" type="stmt"/>
        <line num="73" count="17" type="stmt"/>
        <line num="74" count="17" type="cond" truecount="0" falsecount="1"/>
        <line num="75" count="17" type="stmt"/>
        <line num="76" count="17" type="stmt"/>
        <line num="77" count="17" type="cond" truecount="2" falsecount="0"/>
        <line num="78" count="17" type="cond" truecount="2" falsecount="0"/>
        <line num="79" count="17" type="cond" truecount="2" falsecount="0"/>
        <line num="80" count="17" type="stmt"/>
        <line num="81" count="17" type="stmt"/>
        <line num="83" count="17" type="stmt"/>
        <line num="84" count="17" type="stmt"/>
        <line num="85" count="17" type="stmt"/>
        <line num="86" count="17" type="stmt"/>
        <line num="87" count="17" type="stmt"/>
        <line num="88" count="17" type="stmt"/>
        <line num="89" count="17" type="stmt"/>
        <line num="91" count="17" type="stmt"/>
        <line num="92" count="0" type="stmt"/>
        <line num="93" count="0" type="stmt"/>
        <line num="94" count="0" type="stmt"/>
        <line num="95" count="0" type="stmt"/>
        <line num="96" count="0" type="stmt"/>
        <line num="97" count="0" type="stmt"/>
        <line num="98" count="0" type="stmt"/>
        <line num="99" count="0" type="stmt"/>
        <line num="100" count="0" type="stmt"/>
        <line num="102" count="17" type="stmt"/>
        <line num="103" count="17" type="stmt"/>
        <line num="104" count="17" type="stmt"/>
        <line num="105" count="17" type="stmt"/>
        <line num="106" count="17" type="stmt"/>
        <line num="107" count="17" type="stmt"/>
        <line num="108" count="17" type="stmt"/>
        <line num="109" count="17" type="stmt"/>
        <line num="110" count="17" type="stmt"/>
        <line num="111" count="17" type="stmt"/>
        <line num="112" count="17" type="stmt"/>
        <line num="113" count="17" type="stmt"/>
        <line num="114" count="17" type="cond" truecount="1" falsecount="0"/>
        <line num="115" count="8" type="cond" truecount="1" falsecount="0"/>
        <line num="116" count="8" type="stmt"/>
        <line num="117" count="8" type="cond" truecount="0" falsecount="1"/>
        <line num="118" count="0" type="stmt"/>
        <line num="119" count="8" type="cond" truecount="0" falsecount="1"/>
        <line num="120" count="0" type="stmt"/>
        <line num="121" count="0" type="stmt"/>
        <line num="122" count="8" type="stmt"/>
        <line num="123" count="8" type="cond" truecount="0" falsecount="1"/>
        <line num="124" count="0" type="stmt"/>
        <line num="125" count="8" type="cond" truecount="0" falsecount="1"/>
        <line num="126" count="0" type="stmt"/>
        <line num="127" count="0" type="stmt"/>
        <line num="128" count="8" type="stmt"/>
        <line num="129" count="17" type="stmt"/>
        <line num="131" count="17" type="stmt"/>
        <line num="133" count="17" type="stmt"/>
        <line num="134" count="17" type="stmt"/>
        <line num="135" count="17" type="stmt"/>
        <line num="136" count="17" type="stmt"/>
        <line num="137" count="17" type="stmt"/>
        <line num="138" count="17" type="cond" truecount="2" falsecount="0"/>
        <line num="139" count="17" type="stmt"/>
        <line num="140" count="17" type="stmt"/>
        <line num="141" count="17" type="stmt"/>
        <line num="142" count="17" type="stmt"/>
        <line num="143" count="17" type="stmt"/>
        <line num="144" count="17" type="stmt"/>
        <line num="145" count="17" type="cond" truecount="1" falsecount="0"/>
        <line num="146" count="17" type="stmt"/>
        <line num="147" count="17" type="stmt"/>
        <line num="148" count="17" type="stmt"/>
        <line num="149" count="17" type="stmt"/>
        <line num="150" count="17" type="stmt"/>
        <line num="151" count="17" type="cond" truecount="1" falsecount="0"/>
        <line num="152" count="17" type="stmt"/>
        <line num="153" count="17" type="stmt"/>
        <line num="155" count="17" type="stmt"/>
        <line num="156" count="17" type="stmt"/>
        <line num="157" count="17" type="stmt"/>
        <line num="158" count="17" type="stmt"/>
        <line num="159" count="17" type="stmt"/>
        <line num="160" count="17" type="stmt"/>
        <line num="161" count="17" type="stmt"/>
        <line num="162" count="17" type="stmt"/>
        <line num="163" count="17" type="stmt"/>
        <line num="164" count="17" type="stmt"/>
        <line num="165" count="17" type="stmt"/>
        <line num="166" count="17" type="stmt"/>
        <line num="167" count="17" type="stmt"/>
        <line num="168" count="17" type="stmt"/>
        <line num="169" count="17" type="stmt"/>
        <line num="170" count="17" type="stmt"/>
        <line num="171" count="17" type="stmt"/>
        <line num="172" count="17" type="stmt"/>
        <line num="173" count="17" type="stmt"/>
        <line num="174" count="17" type="stmt"/>
        <line num="175" count="17" type="stmt"/>
        <line num="176" count="17" type="stmt"/>
        <line num="177" count="17" type="stmt"/>
        <line num="178" count="17" type="stmt"/>
        <line num="179" count="17" type="stmt"/>
        <line num="180" count="17" type="stmt"/>
        <line num="181" count="17" type="stmt"/>
        <line num="182" count="17" type="stmt"/>
        <line num="183" count="17" type="stmt"/>
        <line num="185" count="17" type="stmt"/>
        <line num="186" count="17" type="stmt"/>
        <line num="187" count="17" type="stmt"/>
        <line num="188" count="17" type="stmt"/>
        <line num="189" count="17" type="cond" truecount="2" falsecount="0"/>
        <line num="190" count="17" type="stmt"/>
        <line num="192" count="17" type="stmt"/>
        <line num="194" count="17" type="cond" truecount="2" falsecount="0"/>
        <line num="195" count="17" type="stmt"/>
        <line num="196" count="17" type="stmt"/>
        <line num="197" count="17" type="stmt"/>
        <line num="198" count="17" type="cond" truecount="0" falsecount="1"/>
        <line num="199" count="17" type="stmt"/>
        <line num="201" count="17" type="stmt"/>
      </file>
    </package>
    <package name="src.components.forms.IssueForm.components">
      <metrics statements="34" coveredstatements="0" conditionals="1" coveredconditionals="1" methods="1" coveredmethods="1"/>
      <file name="ControlledMenuField.tsx" path="C:\Users\User\Desktop\testTask\avitoTestTask\client\src\components\forms\IssueForm\components\ControlledMenuField.tsx">
        <metrics statements="34" coveredstatements="0" conditionals="1" coveredconditionals="1" methods="1" coveredmethods="1"/>
        <line num="2" count="0" type="stmt"/>
        <line num="3" count="0" type="stmt"/>
        <line num="4" count="0" type="stmt"/>
        <line num="6" count="0" type="stmt"/>
        <line num="7" count="0" type="stmt"/>
        <line num="8" count="0" type="stmt"/>
        <line num="9" count="0" type="stmt"/>
        <line num="10" count="0" type="stmt"/>
        <line num="11" count="0" type="stmt"/>
        <line num="12" count="0" type="stmt"/>
        <line num="13" count="0" type="stmt"/>
        <line num="14" count="0" type="stmt"/>
        <line num="15" count="0" type="stmt"/>
        <line num="16" count="0" type="stmt"/>
        <line num="17" count="0" type="stmt"/>
        <line num="18" count="0" type="stmt"/>
        <line num="19" count="0" type="stmt"/>
        <line num="20" count="0" type="stmt"/>
        <line num="21" count="0" type="stmt"/>
        <line num="22" count="0" type="stmt"/>
        <line num="23" count="0" type="stmt"/>
        <line num="24" count="0" type="stmt"/>
        <line num="25" count="0" type="stmt"/>
        <line num="26" count="0" type="stmt"/>
        <line num="27" count="0" type="stmt"/>
        <line num="28" count="0" type="stmt"/>
        <line num="29" count="0" type="stmt"/>
        <line num="30" count="0" type="stmt"/>
        <line num="31" count="0" type="stmt"/>
        <line num="32" count="0" type="stmt"/>
        <line num="33" count="0" type="stmt"/>
        <line num="35" count="0" type="stmt"/>
        <line num="36" count="0" type="stmt"/>
        <line num="38" count="0" type="stmt"/>
      </file>
    </package>
    <package name="src.components.forms.IssueForm.constants">
      <metrics statements="7" coveredstatements="7" conditionals="0" coveredconditionals="0" methods="0" coveredmethods="0"/>
      <file name="index.ts" path="C:\Users\User\Desktop\testTask\avitoTestTask\client\src\components\forms\IssueForm\constants\index.ts">
        <metrics statements="7" coveredstatements="7" conditionals="0" coveredconditionals="0" methods="0" coveredmethods="0"/>
        <line num="1" count="1" type="stmt"/>
        <line num="2" count="1" type="stmt"/>
        <line num="3" count="1" type="stmt"/>
        <line num="4" count="1" type="stmt"/>
        <line num="5" count="1" type="stmt"/>
        <line num="6" count="1" type="stmt"/>
        <line num="7" count="1" type="stmt"/>
      </file>
    </package>
    <package name="src.components.forms.IssueForm.hooks">
      <metrics statements="95" coveredstatements="53" conditionals="12" coveredconditionals="7" methods="4" coveredmethods="3"/>
      <file name="useIssueFormError.tsx" path="C:\Users\User\Desktop\testTask\avitoTestTask\client\src\components\forms\IssueForm\hooks\useIssueFormError.tsx">
        <metrics statements="31" coveredstatements="17" conditionals="4" coveredconditionals="2" methods="1" coveredmethods="1"/>
        <line num="1" count="1" type="stmt"/>
        <line num="3" count="1" type="stmt"/>
        <line num="4" count="1" type="stmt"/>
        <line num="5" count="1" type="stmt"/>
        <line num="7" count="1" type="cond" truecount="1" falsecount="0"/>
        <line num="8" count="17" type="stmt"/>
        <line num="9" count="17" type="stmt"/>
        <line num="10" count="17" type="stmt"/>
        <line num="11" count="17" type="stmt"/>
        <line num="12" count="17" type="stmt"/>
        <line num="13" count="17" type="stmt"/>
        <line num="14" count="17" type="stmt"/>
        <line num="15" count="17" type="cond" truecount="1" falsecount="0"/>
        <line num="16" count="8" type="cond" truecount="0" falsecount="1"/>
        <line num="17" count="0" type="stmt"/>
        <line num="18" count="0" type="stmt"/>
        <line num="19" count="0" type="stmt"/>
        <line num="20" count="0" type="stmt"/>
        <line num="21" count="0" type="stmt"/>
        <line num="22" count="0" type="stmt"/>
        <line num="23" count="0" type="stmt"/>
        <line num="25" count="8" type="cond" truecount="0" falsecount="1"/>
        <line num="26" count="0" type="stmt"/>
        <line num="27" count="0" type="stmt"/>
        <line num="28" count="0" type="stmt"/>
        <line num="29" count="0" type="stmt"/>
        <line num="30" count="0" type="stmt"/>
        <line num="31" count="0" type="stmt"/>
        <line num="32" count="0" type="stmt"/>
        <line num="33" count="17" type="stmt"/>
        <line num="34" count="17" type="stmt"/>
      </file>
      <file name="useIssueFormSuccess.tsx" path="C:\Users\User\Desktop\testTask\avitoTestTask\client\src\components\forms\IssueForm\hooks\useIssueFormSuccess.tsx">
        <metrics statements="31" coveredstatements="17" conditionals="4" coveredconditionals="2" methods="1" coveredmethods="1"/>
        <line num="1" count="1" type="stmt"/>
        <line num="3" count="1" type="stmt"/>
        <line num="4" count="1" type="stmt"/>
        <line num="5" count="1" type="stmt"/>
        <line num="7" count="1" type="cond" truecount="1" falsecount="0"/>
        <line num="8" count="17" type="stmt"/>
        <line num="9" count="17" type="stmt"/>
        <line num="10" count="17" type="stmt"/>
        <line num="11" count="17" type="stmt"/>
        <line num="12" count="17" type="stmt"/>
        <line num="13" count="17" type="stmt"/>
        <line num="14" count="17" type="stmt"/>
        <line num="15" count="17" type="cond" truecount="1" falsecount="0"/>
        <line num="16" count="8" type="cond" truecount="0" falsecount="1"/>
        <line num="17" count="0" type="stmt"/>
        <line num="18" count="0" type="stmt"/>
        <line num="19" count="0" type="stmt"/>
        <line num="20" count="0" type="stmt"/>
        <line num="21" count="0" type="stmt"/>
        <line num="22" count="0" type="stmt"/>
        <line num="23" count="0" type="stmt"/>
        <line num="25" count="8" type="cond" truecount="0" falsecount="1"/>
        <line num="26" count="0" type="stmt"/>
        <line num="27" count="0" type="stmt"/>
        <line num="28" count="0" type="stmt"/>
        <line num="29" count="0" type="stmt"/>
        <line num="30" count="0" type="stmt"/>
        <line num="31" count="0" type="stmt"/>
        <line num="32" count="0" type="stmt"/>
        <line num="33" count="17" type="stmt"/>
        <line num="34" count="17" type="stmt"/>
      </file>
      <file name="useUnloadFormPersistense.ts" path="C:\Users\User\Desktop\testTask\avitoTestTask\client\src\components\forms\IssueForm\hooks\useUnloadFormPersistense.ts">
        <metrics statements="33" coveredstatements="19" conditionals="4" coveredconditionals="3" methods="2" coveredmethods="1"/>
        <line num="1" count="1" type="stmt"/>
        <line num="4" count="1" type="cond" truecount="1" falsecount="0"/>
        <line num="5" count="17" type="stmt"/>
        <line num="6" count="17" type="stmt"/>
        <line num="7" count="17" type="stmt"/>
        <line num="8" count="17" type="stmt"/>
        <line num="9" count="17" type="stmt"/>
        <line num="11" count="17" type="cond" truecount="1" falsecount="0"/>
        <line num="12" count="8" type="cond" truecount="0" falsecount="1"/>
        <line num="13" count="0" type="stmt"/>
        <line num="14" count="0" type="stmt"/>
        <line num="15" count="0" type="stmt"/>
        <line num="17" count="8" type="stmt"/>
        <line num="18" count="0" type="stmt"/>
        <line num="19" count="0" type="stmt"/>
        <line num="20" count="0" type="stmt"/>
        <line num="21" count="0" type="stmt"/>
        <line num="22" count="0" type="stmt"/>
        <line num="23" count="0" type="stmt"/>
        <line num="24" count="0" type="stmt"/>
        <line num="25" count="0" type="stmt"/>
        <line num="26" count="0" type="stmt"/>
        <line num="27" count="0" type="stmt"/>
        <line num="28" count="0" type="stmt"/>
        <line num="30" count="8" type="stmt"/>
        <line num="32" count="8" type="cond" truecount="1" falsecount="0"/>
        <line num="33" count="8" type="stmt"/>
        <line num="35" count="8" type="stmt"/>
        <line num="36" count="8" type="stmt"/>
        <line num="37" count="8" type="stmt"/>
        <line num="38" count="8" type="stmt"/>
        <line num="39" count="17" type="stmt"/>
        <line num="40" count="17" type="stmt"/>
      </file>
    </package>
    <package name="src.components.forms.IssueForm.resolver">
      <metrics statements="16" coveredstatements="16" conditionals="0" coveredconditionals="0" methods="0" coveredmethods="0"/>
      <file name="index.ts" path="C:\Users\User\Desktop\testTask\avitoTestTask\client\src\components\forms\IssueForm\resolver\index.ts">
        <metrics statements="16" coveredstatements="16" conditionals="0" coveredconditionals="0" methods="0" coveredmethods="0"/>
        <line num="1" count="1" type="stmt"/>
        <line num="3" count="1" type="stmt"/>
        <line num="4" count="1" type="stmt"/>
        <line num="5" count="1" type="stmt"/>
        <line num="6" count="1" type="stmt"/>
        <line num="7" count="1" type="stmt"/>
        <line num="8" count="1" type="stmt"/>
        <line num="9" count="1" type="stmt"/>
        <line num="10" count="1" type="stmt"/>
        <line num="11" count="1" type="stmt"/>
        <line num="12" count="1" type="stmt"/>
        <line num="13" count="1" type="stmt"/>
        <line num="14" count="1" type="stmt"/>
        <line num="15" count="1" type="stmt"/>
        <line num="16" count="1" type="stmt"/>
        <line num="17" count="1" type="stmt"/>
      </file>
    </package>
    <package name="src.components.forms.IssueForm.styles">
      <metrics statements="10" coveredstatements="0" conditionals="1" coveredconditionals="0" methods="1" coveredmethods="0"/>
      <file name="index.ts" path="C:\Users\User\Desktop\testTask\avitoTestTask\client\src\components\forms\IssueForm\styles\index.ts">
        <metrics statements="10" coveredstatements="0" conditionals="1" coveredconditionals="0" methods="1" coveredmethods="0"/>
        <line num="1" count="0" type="cond" truecount="0" falsecount="1"/>
        <line num="2" count="0" type="stmt"/>
        <line num="3" count="0" type="stmt"/>
        <line num="4" count="0" type="stmt"/>
        <line num="5" count="0" type="stmt"/>
        <line num="6" count="0" type="stmt"/>
        <line num="7" count="0" type="stmt"/>
        <line num="8" count="0" type="stmt"/>
        <line num="9" count="0" type="stmt"/>
        <line num="10" count="0" type="stmt"/>
      </file>
    </package>
    <package name="src.components.forms.IssueForm.ui">
      <metrics statements="32" coveredstatements="0" conditionals="1" coveredconditionals="1" methods="1" coveredmethods="1"/>
      <file name="menu.tsx" path="C:\Users\User\Desktop\testTask\avitoTestTask\client\src\components\forms\IssueForm\ui\menu.tsx">
        <metrics statements="32" coveredstatements="0" conditionals="1" coveredconditionals="1" methods="1" coveredmethods="1"/>
        <line num="2" count="0" type="stmt"/>
        <line num="11" count="0" type="stmt"/>
        <line num="12" count="0" type="stmt"/>
        <line num="13" count="0" type="stmt"/>
        <line num="14" count="0" type="stmt"/>
        <line num="15" count="0" type="stmt"/>
        <line num="16" count="0" type="stmt"/>
        <line num="17" count="0" type="stmt"/>
        <line num="18" count="0" type="stmt"/>
        <line num="19" count="0" type="stmt"/>
        <line num="20" count="0" type="stmt"/>
        <line num="21" count="0" type="stmt"/>
        <line num="22" count="0" type="stmt"/>
        <line num="23" count="0" type="stmt"/>
        <line num="24" count="0" type="stmt"/>
        <line num="25" count="0" type="stmt"/>
        <line num="26" count="0" type="stmt"/>
        <line num="27" count="0" type="stmt"/>
        <line num="28" count="0" type="stmt"/>
        <line num="29" count="0" type="stmt"/>
        <line num="30" count="0" type="stmt"/>
        <line num="32" count="0" type="stmt"/>
        <line num="33" count="0" type="stmt"/>
        <line num="34" count="0" type="stmt"/>
        <line num="35" count="0" type="stmt"/>
        <line num="36" count="0" type="stmt"/>
        <line num="37" count="0" type="stmt"/>
        <line num="38" count="0" type="stmt"/>
        <line num="39" count="0" type="stmt"/>
        <line num="40" count="0" type="stmt"/>
        <line num="41" count="0" type="stmt"/>
        <line num="43" count="0" type="stmt"/>
      </file>
    </package>
    <package name="src.components.layout.Header">
      <metrics statements="25" coveredstatements="0" conditionals="2" coveredconditionals="0" methods="2" coveredmethods="0"/>
      <file name="index.tsx" path="C:\Users\User\Desktop\testTask\avitoTestTask\client\src\components\layout\Header\index.tsx">
        <metrics statements="15" coveredstatements="0" conditionals="1" coveredconditionals="0" methods="1" coveredmethods="0"/>
        <line num="1" count="0" type="cond" truecount="0" falsecount="1"/>
        <line num="2" count="0" type="stmt"/>
        <line num="4" count="0" type="stmt"/>
        <line num="5" count="0" type="stmt"/>
        <line num="6" count="0" type="stmt"/>
        <line num="7" count="0" type="stmt"/>
        <line num="8" count="0" type="stmt"/>
        <line num="9" count="0" type="stmt"/>
        <line num="10" count="0" type="stmt"/>
        <line num="11" count="0" type="stmt"/>
        <line num="12" count="0" type="stmt"/>
        <line num="13" count="0" type="stmt"/>
        <line num="14" count="0" type="stmt"/>
        <line num="15" count="0" type="stmt"/>
        <line num="17" count="0" type="stmt"/>
      </file>
      <file name="style.ts" path="C:\Users\User\Desktop\testTask\avitoTestTask\client\src\components\layout\Header\style.ts">
        <metrics statements="10" coveredstatements="0" conditionals="1" coveredconditionals="0" methods="1" coveredmethods="0"/>
        <line num="1" count="0" type="cond" truecount="0" falsecount="1"/>
        <line num="2" count="0" type="stmt"/>
        <line num="3" count="0" type="stmt"/>
        <line num="4" count="0" type="stmt"/>
        <line num="5" count="0" type="stmt"/>
        <line num="6" count="0" type="stmt"/>
        <line num="7" count="0" type="stmt"/>
        <line num="8" count="0" type="stmt"/>
        <line num="9" count="0" type="stmt"/>
        <line num="10" count="0" type="stmt"/>
      </file>
    </package>
    <package name="src.components.layout.Main">
      <metrics statements="32" coveredstatements="0" conditionals="1" coveredconditionals="0" methods="1" coveredmethods="0"/>
      <file name="index.tsx" path="C:\Users\User\Desktop\testTask\avitoTestTask\client\src\components\layout\Main\index.tsx">
        <metrics statements="32" coveredstatements="0" conditionals="1" coveredconditionals="0" methods="1" coveredmethods="0"/>
        <line num="1" count="0" type="cond" truecount="0" falsecount="1"/>
        <line num="2" count="0" type="stmt"/>
        <line num="3" count="0" type="stmt"/>
        <line num="4" count="0" type="stmt"/>
        <line num="5" count="0" type="stmt"/>
        <line num="6" count="0" type="stmt"/>
        <line num="7" count="0" type="stmt"/>
        <line num="8" count="0" type="stmt"/>
        <line num="10" count="0" type="stmt"/>
        <line num="12" count="0" type="stmt"/>
        <line num="13" count="0" type="stmt"/>
        <line num="14" count="0" type="stmt"/>
        <line num="15" count="0" type="stmt"/>
        <line num="16" count="0" type="stmt"/>
        <line num="17" count="0" type="stmt"/>
        <line num="18" count="0" type="stmt"/>
        <line num="19" count="0" type="stmt"/>
        <line num="20" count="0" type="stmt"/>
        <line num="21" count="0" type="stmt"/>
        <line num="22" count="0" type="stmt"/>
        <line num="24" count="0" type="stmt"/>
        <line num="25" count="0" type="stmt"/>
        <line num="26" count="0" type="stmt"/>
        <line num="27" count="0" type="stmt"/>
        <line num="28" count="0" type="stmt"/>
        <line num="29" count="0" type="stmt"/>
        <line num="30" count="0" type="stmt"/>
        <line num="31" count="0" type="stmt"/>
        <line num="32" count="0" type="stmt"/>
        <line num="33" count="0" type="stmt"/>
        <line num="34" count="0" type="stmt"/>
        <line num="36" count="0" type="stmt"/>
      </file>
    </package>
    <package name="src.components.layout.Main.styles">
      <metrics statements="9" coveredstatements="0" conditionals="1" coveredconditionals="0" methods="1" coveredmethods="0"/>
      <file name="index.ts" path="C:\Users\User\Desktop\testTask\avitoTestTask\client\src\components\layout\Main\styles\index.ts">
        <metrics statements="9" coveredstatements="0" conditionals="1" coveredconditionals="0" methods="1" coveredmethods="0"/>
        <line num="1" count="0" type="cond" truecount="0" falsecount="1"/>
        <line num="2" count="0" type="stmt"/>
        <line num="3" count="0" type="stmt"/>
        <line num="4" count="0" type="stmt"/>
        <line num="5" count="0" type="stmt"/>
        <line num="6" count="0" type="stmt"/>
        <line num="7" count="0" type="stmt"/>
        <line num="8" count="0" type="stmt"/>
        <line num="9" count="0" type="stmt"/>
      </file>
    </package>
    <package name="src.components.ui.alert">
      <metrics statements="51" coveredstatements="0" conditionals="1" coveredconditionals="0" methods="1" coveredmethods="0"/>
      <file name="index.tsx" path="C:\Users\User\Desktop\testTask\avitoTestTask\client\src\components\ui\alert\index.tsx">
        <metrics statements="51" coveredstatements="0" conditionals="1" coveredconditionals="0" methods="1" coveredmethods="0"/>
        <line num="1" count="0" type="cond" truecount="0" falsecount="1"/>
        <line num="2" count="0" type="stmt"/>
        <line num="10" count="0" type="stmt"/>
        <line num="11" count="0" type="stmt"/>
        <line num="12" count="0" type="stmt"/>
        <line num="13" count="0" type="stmt"/>
        <line num="14" count="0" type="stmt"/>
        <line num="15" count="0" type="stmt"/>
        <line num="18" count="0" type="stmt"/>
        <line num="19" count="0" type="stmt"/>
        <line num="20" count="0" type="stmt"/>
        <line num="21" count="0" type="stmt"/>
        <line num="22" count="0" type="stmt"/>
        <line num="23" count="0" type="stmt"/>
        <line num="24" count="0" type="stmt"/>
        <line num="25" count="0" type="stmt"/>
        <line num="26" count="0" type="stmt"/>
        <line num="27" count="0" type="stmt"/>
        <line num="28" count="0" type="stmt"/>
        <line num="29" count="0" type="stmt"/>
        <line num="30" count="0" type="stmt"/>
        <line num="31" count="0" type="stmt"/>
        <line num="32" count="0" type="stmt"/>
        <line num="33" count="0" type="stmt"/>
        <line num="34" count="0" type="stmt"/>
        <line num="35" count="0" type="stmt"/>
        <line num="36" count="0" type="stmt"/>
        <line num="37" count="0" type="stmt"/>
        <line num="38" count="0" type="stmt"/>
        <line num="39" count="0" type="stmt"/>
        <line num="40" count="0" type="stmt"/>
        <line num="41" count="0" type="stmt"/>
        <line num="42" count="0" type="stmt"/>
        <line num="43" count="0" type="stmt"/>
        <line num="44" count="0" type="stmt"/>
        <line num="45" count="0" type="stmt"/>
        <line num="46" count="0" type="stmt"/>
        <line num="47" count="0" type="stmt"/>
        <line num="49" count="0" type="stmt"/>
        <line num="50" count="0" type="stmt"/>
        <line num="51" count="0" type="stmt"/>
        <line num="52" count="0" type="stmt"/>
        <line num="53" count="0" type="stmt"/>
        <line num="54" count="0" type="stmt"/>
        <line num="55" count="0" type="stmt"/>
        <line num="56" count="0" type="stmt"/>
        <line num="57" count="0" type="stmt"/>
        <line num="58" count="0" type="stmt"/>
        <line num="59" count="0" type="stmt"/>
        <line num="60" count="0" type="stmt"/>
        <line num="62" count="0" type="stmt"/>
      </file>
    </package>
    <package name="src.components.ui.badge">
      <metrics statements="9" coveredstatements="0" conditionals="1" coveredconditionals="0" methods="1" coveredmethods="0"/>
      <file name="index.tsx" path="C:\Users\User\Desktop\testTask\avitoTestTask\client\src\components\ui\badge\index.tsx">
        <metrics statements="9" coveredstatements="0" conditionals="1" coveredconditionals="0" methods="1" coveredmethods="0"/>
        <line num="1" count="0" type="cond" truecount="0" falsecount="1"/>
        <line num="3" count="0" type="stmt"/>
        <line num="5" count="0" type="stmt"/>
        <line num="6" count="0" type="stmt"/>
        <line num="7" count="0" type="stmt"/>
        <line num="8" count="0" type="stmt"/>
        <line num="9" count="0" type="stmt"/>
        <line num="11" count="0" type="stmt"/>
        <line num="12" count="0" type="stmt"/>
      </file>
    </package>
    <package name="src.components.ui.breadCrumbs">
      <metrics statements="61" coveredstatements="0" conditionals="2" coveredconditionals="0" methods="2" coveredmethods="0"/>
      <file name="buildCrumbs.ts" path="C:\Users\User\Desktop\testTask\avitoTestTask\client\src\components\ui\breadCrumbs\buildCrumbs.ts">
        <metrics statements="15" coveredstatements="0" conditionals="1" coveredconditionals="0" methods="1" coveredmethods="0"/>
        <line num="1" count="0" type="cond" truecount="0" falsecount="1"/>
        <line num="5" count="0" type="stmt"/>
        <line num="6" count="0" type="stmt"/>
        <line num="7" count="0" type="stmt"/>
        <line num="8" count="0" type="stmt"/>
        <line num="10" count="0" type="stmt"/>
        <line num="11" count="0" type="stmt"/>
        <line num="12" count="0" type="stmt"/>
        <line num="13" count="0" type="stmt"/>
        <line num="14" count="0" type="stmt"/>
        <line num="15" count="0" type="stmt"/>
        <line num="16" count="0" type="stmt"/>
        <line num="18" count="0" type="stmt"/>
        <line num="19" count="0" type="stmt"/>
        <line num="20" count="0" type="stmt"/>
      </file>
      <file name="index.tsx" path="C:\Users\User\Desktop\testTask\avitoTestTask\client\src\components\ui\breadCrumbs\index.tsx">
        <metrics statements="46" coveredstatements="0" conditionals="1" coveredconditionals="0" methods="1" coveredmethods="0"/>
        <line num="1" count="0" type="cond" truecount="0" falsecount="1"/>
        <line num="2" count="0" type="stmt"/>
        <line num="8" count="0" type="stmt"/>
        <line num="9" count="0" type="stmt"/>
        <line num="10" count="0" type="stmt"/>
        <line num="11" count="0" type="stmt"/>
        <line num="13" count="0" type="stmt"/>
        <line num="17" count="0" type="stmt"/>
        <line num="19" count="0" type="stmt"/>
        <line num="20" count="0" type="stmt"/>
        <line num="21" count="0" type="stmt"/>
        <line num="22" count="0" type="stmt"/>
        <line num="23" count="0" type="stmt"/>
        <line num="24" count="0" type="stmt"/>
        <line num="25" count="0" type="stmt"/>
        <line num="27" count="0" type="stmt"/>
        <line num="28" count="0" type="stmt"/>
        <line num="29" count="0" type="stmt"/>
        <line num="30" count="0" type="stmt"/>
        <line num="31" count="0" type="stmt"/>
        <line num="32" count="0" type="stmt"/>
        <line num="33" count="0" type="stmt"/>
        <line num="34" count="0" type="stmt"/>
        <line num="35" count="0" type="stmt"/>
        <line num="37" count="0" type="stmt"/>
        <line num="38" count="0" type="stmt"/>
        <line num="39" count="0" type="stmt"/>
        <line num="40" count="0" type="stmt"/>
        <line num="41" count="0" type="stmt"/>
        <line num="42" count="0" type="stmt"/>
        <line num="43" count="0" type="stmt"/>
        <line num="45" count="0" type="stmt"/>
        <line num="46" count="0" type="stmt"/>
        <line num="47" count="0" type="stmt"/>
        <line num="48" count="0" type="stmt"/>
        <line num="50" count="0" type="stmt"/>
        <line num="51" count="0" type="stmt"/>
        <line num="52" count="0" type="stmt"/>
        <line num="53" count="0" type="stmt"/>
        <line num="54" count="0" type="stmt"/>
        <line num="56" count="0" type="stmt"/>
        <line num="57" count="0" type="stmt"/>
        <line num="58" count="0" type="stmt"/>
        <line num="59" count="0" type="stmt"/>
        <line num="60" count="0" type="stmt"/>
        <line num="62" count="0" type="stmt"/>
      </file>
    </package>
    <package name="src.components.ui.loader">
      <metrics statements="26" coveredstatements="21" conditionals="0" coveredconditionals="0" methods="1" coveredmethods="0"/>
      <file name="index.tsx" path="C:\Users\User\Desktop\testTask\avitoTestTask\client\src\components\ui\loader\index.tsx">
        <metrics statements="8" coveredstatements="3" conditionals="0" coveredconditionals="0" methods="1" coveredmethods="0"/>
        <line num="1" count="1" type="stmt"/>
        <line num="2" count="1" type="stmt"/>
        <line num="4" count="1" type="stmt"/>
        <line num="5" count="0" type="stmt"/>
        <line num="6" count="0" type="stmt"/>
        <line num="7" count="0" type="stmt"/>
        <line num="8" count="0" type="stmt"/>
        <line num="9" count="0" type="stmt"/>
      </file>
      <file name="style.ts" path="C:\Users\User\Desktop\testTask\avitoTestTask\client\src\components\ui\loader\style.ts">
        <metrics statements="18" coveredstatements="18" conditionals="0" coveredconditionals="0" methods="0" coveredmethods="0"/>
        <line num="1" count="1" type="stmt"/>
        <line num="2" count="1" type="stmt"/>
        <line num="3" count="1" type="stmt"/>
        <line num="4" count="1" type="stmt"/>
        <line num="5" count="1" type="stmt"/>
        <line num="6" count="1" type="stmt"/>
        <line num="7" count="1" type="stmt"/>
        <line num="8" count="1" type="stmt"/>
        <line num="9" count="1" type="stmt"/>
        <line num="10" count="1" type="stmt"/>
        <line num="11" count="1" type="stmt"/>
        <line num="12" count="1" type="stmt"/>
        <line num="13" count="1" type="stmt"/>
        <line num="14" count="1" type="stmt"/>
        <line num="15" count="1" type="stmt"/>
        <line num="16" count="1" type="stmt"/>
        <line num="17" count="1" type="stmt"/>
        <line num="18" count="1" type="stmt"/>
      </file>
    </package>
    <package name="src.constants.ui.Badge">
      <metrics statements="8" coveredstatements="0" conditionals="1" coveredconditionals="0" methods="1" coveredmethods="0"/>
      <file name="index.ts" path="C:\Users\User\Desktop\testTask\avitoTestTask\client\src\constants\ui\Badge\index.ts">
        <metrics statements="8" coveredstatements="0" conditionals="1" coveredconditionals="0" methods="1" coveredmethods="0"/>
        <line num="1" count="0" type="cond" truecount="0" falsecount="1"/>
        <line num="3" count="0" type="stmt"/>
        <line num="4" count="0" type="stmt"/>
        <line num="5" count="0" type="stmt"/>
        <line num="8" count="0" type="stmt"/>
        <line num="9" count="0" type="stmt"/>
        <line num="10" count="0" type="stmt"/>
        <line num="11" count="0" type="stmt"/>
      </file>
    </package>
    <package name="src.constants.ui.breadCrumbs">
      <metrics statements="6" coveredstatements="0" conditionals="1" coveredconditionals="0" methods="1" coveredmethods="0"/>
      <file name="index.ts" path="C:\Users\User\Desktop\testTask\avitoTestTask\client\src\constants\ui\breadCrumbs\index.ts">
        <metrics statements="6" coveredstatements="0" conditionals="1" coveredconditionals="0" methods="1" coveredmethods="0"/>
        <line num="1" count="0" type="cond" truecount="0" falsecount="1"/>
        <line num="2" count="0" type="stmt"/>
        <line num="3" count="0" type="stmt"/>
        <line num="4" count="0" type="stmt"/>
        <line num="5" count="0" type="stmt"/>
        <line num="6" count="0" type="stmt"/>
      </file>
    </package>
    <package name="src.context.modalProvider">
      <metrics statements="41" coveredstatements="0" conditionals="2" coveredconditionals="1" methods="2" coveredmethods="1"/>
      <file name="index.tsx" path="C:\Users\User\Desktop\testTask\avitoTestTask\client\src\context\modalProvider\index.tsx">
        <metrics statements="33" coveredstatements="0" conditionals="1" coveredconditionals="0" methods="1" coveredmethods="0"/>
        <line num="1" count="0" type="cond" truecount="0" falsecount="1"/>
        <line num="2" count="0" type="stmt"/>
        <line num="8" count="0" type="stmt"/>
        <line num="10" count="0" type="stmt"/>
        <line num="11" count="0" type="stmt"/>
        <line num="12" count="0" type="stmt"/>
        <line num="14" count="0" type="stmt"/>
        <line num="15" count="0" type="stmt"/>
        <line num="16" count="0" type="stmt"/>
        <line num="17" count="0" type="stmt"/>
        <line num="19" count="0" type="stmt"/>
        <line num="20" count="0" type="stmt"/>
        <line num="21" count="0" type="stmt"/>
        <line num="22" count="0" type="stmt"/>
        <line num="24" count="0" type="stmt"/>
        <line num="25" count="0" type="stmt"/>
        <line num="26" count="0" type="stmt"/>
        <line num="28" count="0" type="stmt"/>
        <line num="29" count="0" type="stmt"/>
        <line num="30" count="0" type="stmt"/>
        <line num="31" count="0" type="stmt"/>
        <line num="32" count="0" type="stmt"/>
        <line num="34" count="0" type="stmt"/>
        <line num="35" count="0" type="stmt"/>
        <line num="36" count="0" type="stmt"/>
        <line num="37" count="0" type="stmt"/>
        <line num="38" count="0" type="stmt"/>
        <line num="39" count="0" type="stmt"/>
        <line num="41" count="0" type="stmt"/>
        <line num="42" count="0" type="stmt"/>
        <line num="43" count="0" type="stmt"/>
        <line num="44" count="0" type="stmt"/>
        <line num="46" count="0" type="stmt"/>
      </file>
      <file name="useModal.tsx" path="C:\Users\User\Desktop\testTask\avitoTestTask\client\src\context\modalProvider\useModal.tsx">
        <metrics statements="8" coveredstatements="0" conditionals="1" coveredconditionals="1" methods="1" coveredmethods="1"/>
        <line num="2" count="0" type="stmt"/>
        <line num="4" count="0" type="stmt"/>
        <line num="5" count="0" type="stmt"/>
        <line num="6" count="0" type="stmt"/>
        <line num="7" count="0" type="stmt"/>
        <line num="8" count="0" type="stmt"/>
        <line num="9" count="0" type="stmt"/>
        <line num="10" count="0" type="stmt"/>
      </file>
    </package>
    <package name="src.hooks">
      <metrics statements="39" coveredstatements="0" conditionals="1" coveredconditionals="0" methods="1" coveredmethods="0"/>
      <file name="useTaskReferenceData.tsx" path="C:\Users\User\Desktop\testTask\avitoTestTask\client\src\hooks\useTaskReferenceData.tsx">
        <metrics statements="39" coveredstatements="0" conditionals="1" coveredconditionals="0" methods="1" coveredmethods="0"/>
        <line num="1" count="0" type="cond" truecount="0" falsecount="1"/>
        <line num="5" count="0" type="stmt"/>
        <line num="6" count="0" type="stmt"/>
        <line num="7" count="0" type="stmt"/>
        <line num="8" count="0" type="stmt"/>
        <line num="9" count="0" type="stmt"/>
        <line num="10" count="0" type="stmt"/>
        <line num="12" count="0" type="stmt"/>
        <line num="13" count="0" type="stmt"/>
        <line num="14" count="0" type="stmt"/>
        <line num="15" count="0" type="stmt"/>
        <line num="16" count="0" type="stmt"/>
        <line num="18" count="0" type="stmt"/>
        <line num="19" count="0" type="stmt"/>
        <line num="20" count="0" type="stmt"/>
        <line num="22" count="0" type="stmt"/>
        <line num="23" count="0" type="stmt"/>
        <line num="24" count="0" type="stmt"/>
        <line num="25" count="0" type="stmt"/>
        <line num="26" count="0" type="stmt"/>
        <line num="27" count="0" type="stmt"/>
        <line num="28" count="0" type="stmt"/>
        <line num="29" count="0" type="stmt"/>
        <line num="30" count="0" type="stmt"/>
        <line num="31" count="0" type="stmt"/>
        <line num="33" count="0" type="stmt"/>
        <line num="34" count="0" type="stmt"/>
        <line num="35" count="0" type="stmt"/>
        <line num="36" count="0" type="stmt"/>
        <line num="37" count="0" type="stmt"/>
        <line num="39" count="0" type="stmt"/>
        <line num="40" count="0" type="stmt"/>
        <line num="41" count="0" type="stmt"/>
        <line num="42" count="0" type="stmt"/>
        <line num="43" count="0" type="stmt"/>
        <line num="44" count="0" type="stmt"/>
        <line num="45" count="0" type="stmt"/>
        <line num="47" count="0" type="stmt"/>
        <line num="48" count="0" type="stmt"/>
      </file>
    </package>
    <package name="src.pages.BoardItem">
      <metrics statements="84" coveredstatements="0" conditionals="1" coveredconditionals="0" methods="1" coveredmethods="0"/>
      <file name="index.tsx" path="C:\Users\User\Desktop\testTask\avitoTestTask\client\src\pages\BoardItem\index.tsx">
        <metrics statements="84" coveredstatements="0" conditionals="1" coveredconditionals="0" methods="1" coveredmethods="0"/>
        <line num="1" count="0" type="cond" truecount="0" falsecount="1"/>
        <line num="2" count="0" type="stmt"/>
        <line num="3" count="0" type="stmt"/>
        <line num="4" count="0" type="stmt"/>
        <line num="5" count="0" type="stmt"/>
        <line num="6" count="0" type="stmt"/>
        <line num="8" count="0" type="stmt"/>
        <line num="9" count="0" type="stmt"/>
        <line num="10" count="0" type="stmt"/>
        <line num="11" count="0" type="stmt"/>
        <line num="13" count="0" type="stmt"/>
        <line num="15" count="0" type="stmt"/>
        <line num="16" count="0" type="stmt"/>
        <line num="17" count="0" type="stmt"/>
        <line num="18" count="0" type="stmt"/>
        <line num="19" count="0" type="stmt"/>
        <line num="20" count="0" type="stmt"/>
        <line num="22" count="0" type="stmt"/>
        <line num="23" count="0" type="stmt"/>
        <line num="24" count="0" type="stmt"/>
        <line num="25" count="0" type="stmt"/>
        <line num="26" count="0" type="stmt"/>
        <line num="28" count="0" type="stmt"/>
        <line num="30" count="0" type="stmt"/>
        <line num="32" count="0" type="stmt"/>
        <line num="33" count="0" type="stmt"/>
        <line num="34" count="0" type="stmt"/>
        <line num="35" count="0" type="stmt"/>
        <line num="36" count="0" type="stmt"/>
        <line num="38" count="0" type="stmt"/>
        <line num="39" count="0" type="stmt"/>
        <line num="40" count="0" type="stmt"/>
        <line num="41" count="0" type="stmt"/>
        <line num="42" count="0" type="stmt"/>
        <line num="43" count="0" type="stmt"/>
        <line num="44" count="0" type="stmt"/>
        <line num="45" count="0" type="stmt"/>
        <line num="46" count="0" type="stmt"/>
        <line num="47" count="0" type="stmt"/>
        <line num="48" count="0" type="stmt"/>
        <line num="49" count="0" type="stmt"/>
        <line num="50" count="0" type="stmt"/>
        <line num="52" count="0" type="stmt"/>
        <line num="53" count="0" type="stmt"/>
        <line num="54" count="0" type="stmt"/>
        <line num="55" count="0" type="stmt"/>
        <line num="56" count="0" type="stmt"/>
        <line num="57" count="0" type="stmt"/>
        <line num="58" count="0" type="stmt"/>
        <line num="59" count="0" type="stmt"/>
        <line num="60" count="0" type="stmt"/>
        <line num="62" count="0" type="stmt"/>
        <line num="63" count="0" type="stmt"/>
        <line num="64" count="0" type="stmt"/>
        <line num="65" count="0" type="stmt"/>
        <line num="66" count="0" type="stmt"/>
        <line num="67" count="0" type="stmt"/>
        <line num="68" count="0" type="stmt"/>
        <line num="69" count="0" type="stmt"/>
        <line num="70" count="0" type="stmt"/>
        <line num="71" count="0" type="stmt"/>
        <line num="72" count="0" type="stmt"/>
        <line num="74" count="0" type="stmt"/>
        <line num="75" count="0" type="stmt"/>
        <line num="76" count="0" type="stmt"/>
        <line num="77" count="0" type="stmt"/>
        <line num="78" count="0" type="stmt"/>
        <line num="79" count="0" type="stmt"/>
        <line num="81" count="0" type="stmt"/>
        <line num="82" count="0" type="stmt"/>
        <line num="83" count="0" type="stmt"/>
        <line num="84" count="0" type="stmt"/>
        <line num="85" count="0" type="stmt"/>
        <line num="86" count="0" type="stmt"/>
        <line num="88" count="0" type="stmt"/>
        <line num="89" count="0" type="stmt"/>
        <line num="90" count="0" type="stmt"/>
        <line num="91" count="0" type="stmt"/>
        <line num="92" count="0" type="stmt"/>
        <line num="93" count="0" type="stmt"/>
        <line num="94" count="0" type="stmt"/>
        <line num="95" count="0" type="stmt"/>
        <line num="96" count="0" type="stmt"/>
        <line num="98" count="0" type="stmt"/>
      </file>
    </package>
    <package name="src.pages.Boards">
      <metrics statements="8" coveredstatements="0" conditionals="1" coveredconditionals="0" methods="1" coveredmethods="0"/>
      <file name="index.tsx" path="C:\Users\User\Desktop\testTask\avitoTestTask\client\src\pages\Boards\index.tsx">
        <metrics statements="8" coveredstatements="0" conditionals="1" coveredconditionals="0" methods="1" coveredmethods="0"/>
        <line num="1" count="0" type="cond" truecount="0" falsecount="1"/>
        <line num="2" count="0" type="stmt"/>
        <line num="3" count="0" type="stmt"/>
        <line num="4" count="0" type="stmt"/>
        <line num="5" count="0" type="stmt"/>
        <line num="6" count="0" type="stmt"/>
        <line num="7" count="0" type="stmt"/>
        <line num="9" count="0" type="stmt"/>
      </file>
    </package>
    <package name="src.pages.Tasks">
      <metrics statements="18" coveredstatements="0" conditionals="1" coveredconditionals="0" methods="1" coveredmethods="0"/>
      <file name="index.tsx" path="C:\Users\User\Desktop\testTask\avitoTestTask\client\src\pages\Tasks\index.tsx">
        <metrics statements="18" coveredstatements="0" conditionals="1" coveredconditionals="0" methods="1" coveredmethods="0"/>
        <line num="1" count="0" type="cond" truecount="0" falsecount="1"/>
        <line num="2" count="0" type="stmt"/>
        <line num="3" count="0" type="stmt"/>
        <line num="4" count="0" type="stmt"/>
        <line num="5" count="0" type="stmt"/>
        <line num="6" count="0" type="stmt"/>
        <line num="9" count="0" type="stmt"/>
        <line num="10" count="0" type="stmt"/>
        <line num="12" count="0" type="stmt"/>
        <line num="13" count="0" type="stmt"/>
        <line num="14" count="0" type="stmt"/>
        <line num="15" count="0" type="stmt"/>
        <line num="16" count="0" type="stmt"/>
        <line num="17" count="0" type="stmt"/>
        <line num="18" count="0" type="stmt"/>
        <line num="19" count="0" type="stmt"/>
        <line num="20" count="0" type="stmt"/>
        <line num="22" count="0" type="stmt"/>
      </file>
    </package>
    <package name="src.pages.notFoundPage">
      <metrics statements="26" coveredstatements="0" conditionals="1" coveredconditionals="0" methods="1" coveredmethods="0"/>
      <file name="index.tsx" path="C:\Users\User\Desktop\testTask\avitoTestTask\client\src\pages\notFoundPage\index.tsx">
        <metrics statements="26" coveredstatements="0" conditionals="1" coveredconditionals="0" methods="1" coveredmethods="0"/>
        <line num="1" count="0" type="cond" truecount="0" falsecount="1"/>
        <line num="2" count="0" type="stmt"/>
        <line num="3" count="0" type="stmt"/>
        <line num="4" count="0" type="stmt"/>
        <line num="5" count="0" type="stmt"/>
        <line num="6" count="0" type="stmt"/>
        <line num="7" count="0" type="stmt"/>
        <line num="8" count="0" type="stmt"/>
        <line num="9" count="0" type="stmt"/>
        <line num="10" count="0" type="stmt"/>
        <line num="11" count="0" type="stmt"/>
        <line num="12" count="0" type="stmt"/>
        <line num="14" count="0" type="stmt"/>
        <line num="15" count="0" type="stmt"/>
        <line num="16" count="0" type="stmt"/>
        <line num="17" count="0" type="stmt"/>
        <line num="18" count="0" type="stmt"/>
        <line num="19" count="0" type="stmt"/>
        <line num="20" count="0" type="stmt"/>
        <line num="22" count="0" type="stmt"/>
        <line num="23" count="0" type="stmt"/>
        <line num="25" count="0" type="stmt"/>
        <line num="27" count="0" type="stmt"/>
        <line num="28" count="0" type="stmt"/>
        <line num="29" count="0" type="stmt"/>
        <line num="30" count="0" type="stmt"/>
      </file>
    </package>
    <package name="src.query">
      <metrics statements="8" coveredstatements="0" conditionals="1" coveredconditionals="0" methods="1" coveredmethods="0"/>
      <file name="create-api.ts" path="C:\Users\User\Desktop\testTask\avitoTestTask\client\src\query\create-api.ts">
        <metrics statements="8" coveredstatements="0" conditionals="1" coveredconditionals="0" methods="1" coveredmethods="0"/>
        <line num="1" count="0" type="cond" truecount="0" falsecount="1"/>
        <line num="2" count="0" type="stmt"/>
        <line num="3" count="0" type="stmt"/>
        <line num="4" count="0" type="stmt"/>
        <line num="5" count="0" type="stmt"/>
        <line num="6" count="0" type="stmt"/>
        <line num="7" count="0" type="stmt"/>
        <line num="8" count="0" type="stmt"/>
      </file>
    </package>
    <package name="src.query.constants">
      <metrics statements="19" coveredstatements="0" conditionals="4" coveredconditionals="0" methods="4" coveredmethods="0"/>
      <file name="api-group-name.ts" path="C:\Users\User\Desktop\testTask\avitoTestTask\client\src\query\constants\api-group-name.ts">
        <metrics statements="4" coveredstatements="0" conditionals="1" coveredconditionals="0" methods="1" coveredmethods="0"/>
        <line num="1" count="0" type="cond" truecount="0" falsecount="1"/>
        <line num="2" count="0" type="stmt"/>
        <line num="3" count="0" type="stmt"/>
        <line num="4" count="0" type="stmt"/>
      </file>
      <file name="api.ts" path="C:\Users\User\Desktop\testTask\avitoTestTask\client\src\query\constants\api.ts">
        <metrics statements="7" coveredstatements="0" conditionals="1" coveredconditionals="0" methods="1" coveredmethods="0"/>
        <line num="1" count="0" type="cond" truecount="0" falsecount="1"/>
        <line num="2" count="0" type="stmt"/>
        <line num="3" count="0" type="stmt"/>
        <line num="4" count="0" type="stmt"/>
        <line num="5" count="0" type="stmt"/>
        <line num="6" count="0" type="stmt"/>
        <line num="7" count="0" type="stmt"/>
      </file>
      <file name="endpoint-names.ts" path="C:\Users\User\Desktop\testTask\avitoTestTask\client\src\query\constants\endpoint-names.ts">
        <metrics statements="4" coveredstatements="0" conditionals="1" coveredconditionals="0" methods="1" coveredmethods="0"/>
        <line num="1" count="0" type="cond" truecount="0" falsecount="1"/>
        <line num="2" count="0" type="stmt"/>
        <line num="3" count="0" type="stmt"/>
        <line num="4" count="0" type="stmt"/>
      </file>
      <file name="tags.ts" path="C:\Users\User\Desktop\testTask\avitoTestTask\client\src\query\constants\tags.ts">
        <metrics statements="4" coveredstatements="0" conditionals="1" coveredconditionals="0" methods="1" coveredmethods="0"/>
        <line num="1" count="0" type="cond" truecount="0" falsecount="1"/>
        <line num="2" count="0" type="stmt"/>
        <line num="3" count="0" type="stmt"/>
        <line num="4" count="0" type="stmt"/>
      </file>
    </package>
    <package name="src.query.get">
      <metrics statements="65" coveredstatements="0" conditionals="2" coveredconditionals="2" methods="2" coveredmethods="2"/>
      <file name="getBoardsSlice.ts" path="C:\Users\User\Desktop\testTask\avitoTestTask\client\src\query\get\getBoardsSlice.ts">
        <metrics statements="42" coveredstatements="0" conditionals="1" coveredconditionals="1" methods="1" coveredmethods="1"/>
        <line num="2" count="0" type="stmt"/>
        <line num="3" count="0" type="stmt"/>
        <line num="4" count="0" type="stmt"/>
        <line num="5" count="0" type="stmt"/>
        <line num="6" count="0" type="stmt"/>
        <line num="8" count="0" type="stmt"/>
        <line num="9" count="0" type="stmt"/>
        <line num="10" count="0" type="stmt"/>
        <line num="11" count="0" type="stmt"/>
        <line num="12" count="0" type="stmt"/>
        <line num="13" count="0" type="stmt"/>
        <line num="14" count="0" type="stmt"/>
        <line num="15" count="0" type="stmt"/>
        <line num="16" count="0" type="stmt"/>
[...]
        <line num="3" count="0" type="stmt"/>
        <line num="4" count="0" type="stmt"/>
        <line num="6" count="0" type="stmt"/>
        <line num="7" count="0" type="stmt"/>
        <line num="9" count="0" type="stmt"/>
        <line num="10" count="0" type="stmt"/>
        <line num="11" count="0" type="stmt"/>
        <line num="12" count="0" type="stmt"/>
        <line num="13" count="0" type="stmt"/>
        <line num="14" count="0" type="stmt"/>
        <line num="15" count="0" type="stmt"/>
        <line num="16" count="0" type="stmt"/>
        <line num="17" count="0" type="stmt"/>
        <line num="18" count="0" type="stmt"/>
        <line num="19" count="0" type="stmt"/>
        <line num="20" count="0" type="stmt"/>
        <line num="21" count="0" type="stmt"/>
        <line num="22" count="0" type="stmt"/>
        <line num="23" count="0" type="stmt"/>
        <line num="24" count="0" type="stmt"/>
        <line num="25" count="0" type="stmt"/>
        <line num="26" count="0" type="stmt"/>
        <line num="27" count="0" type="stmt"/>
        <line num="28" count="0" type="stmt"/>
        <line num="29" count="0" type="stmt"/>
        <line num="30" count="0" type="stmt"/>
        <line num="31" count="0" type="stmt"/>
        <line num="32" count="0" type="stmt"/>
        <line num="33" count="0" type="stmt"/>
        <line num="34" count="0" type="stmt"/>
        <line num="35" count="0" type="stmt"/>
        <line num="36" count="0" type="stmt"/>
        <line num="37" count="0" type="stmt"/>
        <line num="38" count="0" type="stmt"/>
        <line num="39" count="0" type="stmt"/>
        <line num="40" count="0" type="stmt"/>
        <line num="41" count="0" type="stmt"/>
        <line num="42" count="0" type="stmt"/>
        <line num="44" count="0" type="stmt"/>
        <line num="45" count="0" type="stmt"/>
      </file>
    </package>
    <package name="src.routes">
      <metrics statements="19" coveredstatements="0" conditionals="1" coveredconditionals="0" methods="1" coveredmethods="0"/>
      <file name="index.tsx" path="C:\Users\User\Desktop\testTask\avitoTestTask\client\src\routes\index.tsx">
        <metrics statements="19" coveredstatements="0" conditionals="1" coveredconditionals="0" methods="1" coveredmethods="0"/>
        <line num="1" count="0" type="cond" truecount="0" falsecount="1"/>
        <line num="2" count="0" type="stmt"/>
        <line num="3" count="0" type="stmt"/>
        <line num="4" count="0" type="stmt"/>
        <line num="5" count="0" type="stmt"/>
        <line num="6" count="0" type="stmt"/>
        <line num="7" count="0" type="stmt"/>
        <line num="8" count="0" type="stmt"/>
        <line num="9" count="0" type="stmt"/>
        <line num="11" count="0" type="stmt"/>
        <line num="12" count="0" type="stmt"/>
        <line num="14" count="0" type="stmt"/>
        <line num="15" count="0" type="stmt"/>
        <line num="16" count="0" type="stmt"/>
        <line num="17" count="0" type="stmt"/>
        <line num="19" count="0" type="stmt"/>
        <line num="21" count="0" type="stmt"/>
        <line num="22" count="0" type="stmt"/>
        <line num="23" count="0" type="stmt"/>
      </file>
    </package>
    <package name="src.store">
      <metrics statements="145" coveredstatements="47" conditionals="5" coveredconditionals="4" methods="10" coveredmethods="4"/>
      <file name="boardStore.ts" path="C:\Users\User\Desktop\testTask\avitoTestTask\client\src\store\boardStore.ts">
        <metrics statements="28" coveredstatements="0" conditionals="1" coveredconditionals="1" methods="1" coveredmethods="1"/>
        <line num="2" count="0" type="stmt"/>
        <line num="4" count="0" type="stmt"/>
        <line num="5" count="0" type="stmt"/>
        <line num="6" count="0" type="stmt"/>
        <line num="7" count="0" type="stmt"/>
        <line num="8" count="0" type="stmt"/>
        <line num="9" count="0" type="stmt"/>
        <line num="10" count="0" type="stmt"/>
        <line num="11" count="0" type="stmt"/>
        <line num="12" count="0" type="stmt"/>
        <line num="13" count="0" type="stmt"/>
        <line num="14" count="0" type="stmt"/>
        <line num="15" count="0" type="stmt"/>
        <line num="16" count="0" type="stmt"/>
        <line num="17" count="0" type="stmt"/>
        <line num="18" count="0" type="stmt"/>
        <line num="19" count="0" type="stmt"/>
        <line num="20" count="0" type="stmt"/>
        <line num="21" count="0" type="stmt"/>
        <line num="22" count="0" type="stmt"/>
        <line num="23" count="0" type="stmt"/>
        <line num="24" count="0" type="stmt"/>
        <line num="25" count="0" type="stmt"/>
        <line num="26" count="0" type="stmt"/>
        <line num="27" count="0" type="stmt"/>
        <line num="29" count="0" type="stmt"/>
        <line num="30" count="0" type="stmt"/>
        <line num="31" count="0" type="stmt"/>
      </file>
      <file name="configure-store.ts" path="C:\Users\User\Desktop\testTask\avitoTestTask\client\src\store\configure-store.ts">
        <metrics statements="20" coveredstatements="0" conditionals="1" coveredconditionals="0" methods="1" coveredmethods="0"/>
        <line num="1" count="0" type="cond" truecount="0" falsecount="1"/>
        <line num="3" count="0" type="stmt"/>
        <line num="4" count="0" type="stmt"/>
        <line num="5" count="0" type="stmt"/>
        <line num="6" count="0" type="stmt"/>
        <line num="7" count="0" type="stmt"/>
        <line num="9" count="0" type="stmt"/>
        <line num="10" count="0" type="stmt"/>
        <line num="11" count="0" type="stmt"/>
        <line num="12" count="0" type="stmt"/>
        <line num="13" count="0" type="stmt"/>
        <line num="14" count="0" type="stmt"/>
        <line num="15" count="0" type="stmt"/>
        <line num="16" count="0" type="stmt"/>
        <line num="19" count="0" type="stmt"/>
        <line num="20" count="0" type="stmt"/>
        <line num="21" count="0" type="stmt"/>
        <line num="22" count="0" type="stmt"/>
        <line num="23" count="0" type="stmt"/>
        <line num="24" count="0" type="stmt"/>
      </file>
      <file name="queryState.ts" path="C:\Users\User\Desktop\testTask\avitoTestTask\client\src\store\queryState.ts">
        <metrics statements="49" coveredstatements="22" conditionals="0" coveredconditionals="0" methods="3" coveredmethods="0"/>
        <line num="2" count="1" type="stmt"/>
        <line num="4" count="1" type="stmt"/>
        <line num="5" count="1" type="stmt"/>
        <line num="6" count="1" type="stmt"/>
        <line num="7" count="1" type="stmt"/>
        <line num="8" count="1" type="stmt"/>
        <line num="9" count="1" type="stmt"/>
        <line num="10" count="1" type="stmt"/>
        <line num="11" count="1" type="stmt"/>
        <line num="12" count="1" type="stmt"/>
        <line num="13" count="1" type="stmt"/>
        <line num="14" count="1" type="stmt"/>
        <line num="15" count="1" type="stmt"/>
        <line num="16" count="1" type="stmt"/>
        <line num="17" count="1" type="stmt"/>
        <line num="18" count="1" type="stmt"/>
        <line num="19" count="0" type="stmt"/>
        <line num="20" count="0" type="stmt"/>
        <line num="21" count="0" type="stmt"/>
        <line num="22" count="0" type="stmt"/>
        <line num="23" count="0" type="stmt"/>
        <line num="24" count="0" type="stmt"/>
        <line num="25" count="0" type="stmt"/>
        <line num="26" count="0" type="stmt"/>
        <line num="27" count="0" type="stmt"/>
        <line num="28" count="1" type="stmt"/>
        <line num="29" count="0" type="stmt"/>
        <line num="30" count="0" type="stmt"/>
        <line num="31" count="0" type="stmt"/>
        <line num="32" count="0" type="stmt"/>
        <line num="33" count="0" type="stmt"/>
        <line num="34" count="0" type="stmt"/>
        <line num="35" count="0" type="stmt"/>
        <line num="36" count="0" type="stmt"/>
        <line num="37" count="0" type="stmt"/>
        <line num="38" count="1" type="stmt"/>
        <line num="39" count="0" type="stmt"/>
        <line num="40" count="0" type="stmt"/>
        <line num="41" count="0" type="stmt"/>
        <line num="42" count="0" type="stmt"/>
        <line num="43" count="0" type="stmt"/>
        <line num="44" count="0" type="stmt"/>
        <line num="45" count="0" type="stmt"/>
        <line num="46" count="0" type="stmt"/>
        <line num="47" count="0" type="stmt"/>
        <line num="48" count="1" type="stmt"/>
        <line num="49" count="1" type="stmt"/>
        <line num="51" count="1" type="stmt"/>
        <line num="52" count="1" type="stmt"/>
      </file>
      <file name="tasksStore.ts" path="C:\Users\User\Desktop\testTask\avitoTestTask\client\src\store\tasksStore.ts">
        <metrics statements="29" coveredstatements="25" conditionals="2" coveredconditionals="2" methods="4" coveredmethods="2"/>
        <line num="2" count="1" type="stmt"/>
        <line num="4" count="1" type="stmt"/>
        <line num="5" count="1" type="stmt"/>
        <line num="6" count="1" type="stmt"/>
        <line num="7" count="1" type="stmt"/>
        <line num="8" count="1" type="stmt"/>
        <line num="9" count="1" type="stmt"/>
        <line num="10" count="1" type="stmt"/>
        <line num="11" count="1" type="stmt"/>
        <line num="12" count="1" type="stmt"/>
        <line num="13" count="1" type="stmt"/>
        <line num="14" count="1" type="cond" truecount="1" falsecount="0"/>
        <line num="15" count="5" type="stmt"/>
        <line num="16" count="5" type="stmt"/>
        <line num="17" count="5" type="stmt"/>
        <line num="18" count="1" type="cond" truecount="1" falsecount="0"/>
        <line num="19" count="5" type="stmt"/>
        <line num="20" count="5" type="stmt"/>
        <line num="21" count="1" type="stmt"/>
        <line num="22" count="0" type="stmt"/>
        <line num="23" count="0" type="stmt"/>
        <line num="24" count="1" type="stmt"/>
        <line num="25" count="0" type="stmt"/>
        <line num="26" count="0" type="stmt"/>
        <line num="27" count="1" type="stmt"/>
        <line num="28" count="1" type="stmt"/>
        <line num="30" count="1" type="stmt"/>
        <line num="31" count="1" type="stmt"/>
        <line num="32" count="1" type="stmt"/>
      </file>
      <file name="usersStore.ts" path="C:\Users\User\Desktop\testTask\avitoTestTask\client\src\store\usersStore.ts">
        <metrics statements="19" coveredstatements="0" conditionals="1" coveredconditionals="1" methods="1" coveredmethods="1"/>
        <line num="2" count="0" type="stmt"/>
        <line num="4" count="0" type="stmt"/>
        <line num="5" count="0" type="stmt"/>
        <line num="6" count="0" type="stmt"/>
        <line num="7" count="0" type="stmt"/>
        <line num="8" count="0" type="stmt"/>
        <line num="9" count="0" type="stmt"/>
        <line num="10" count="0" type="stmt"/>
        <line num="11" count="0" type="stmt"/>
        <line num="12" count="0" type="stmt"/>
        <line num="13" count="0" type="stmt"/>
        <line num="14" count="0" type="stmt"/>
        <line num="15" count="0" type="stmt"/>
        <line num="16" count="0" type="stmt"/>
        <line num="17" count="0" type="stmt"/>
        <line num="18" count="0" type="stmt"/>
        <line num="19" count="0" type="stmt"/>
        <line num="21" count="0" type="stmt"/>
        <line num="22" count="0" type="stmt"/>
      </file>
    </package>
    <package name="src.themes">
      <metrics statements="19" coveredstatements="0" conditionals="1" coveredconditionals="0" methods="1" coveredmethods="0"/>
      <file name="index.tsx" path="C:\Users\User\Desktop\testTask\avitoTestTask\client\src\themes\index.tsx">
        <metrics statements="19" coveredstatements="0" conditionals="1" coveredconditionals="0" methods="1" coveredmethods="0"/>
        <line num="1" count="0" type="cond" truecount="0" falsecount="1"/>
        <line num="3" count="0" type="stmt"/>
        <line num="4" count="0" type="stmt"/>
        <line num="5" count="0" type="stmt"/>
        <line num="6" count="0" type="stmt"/>
        <line num="7" count="0" type="stmt"/>
        <line num="8" count="0" type="stmt"/>
        <line num="9" count="0" type="stmt"/>
        <line num="10" count="0" type="stmt"/>
        <line num="11" count="0" type="stmt"/>
        <line num="12" count="0" type="stmt"/>
        <line num="13" count="0" type="stmt"/>
        <line num="14" count="0" type="stmt"/>
        <line num="15" count="0" type="stmt"/>
        <line num="16" count="0" type="stmt"/>
        <line num="17" count="0" type="stmt"/>
        <line num="18" count="0" type="stmt"/>
        <line num="19" count="0" type="stmt"/>
        <line num="21" count="0" type="stmt"/>
      </file>
    </package>
    <package name="src.types.context">
      <metrics statements="0" coveredstatements="0" conditionals="1" coveredconditionals="1" methods="1" coveredmethods="1"/>
      <file name="index.ts" path="C:\Users\User\Desktop\testTask\avitoTestTask\client\src\types\context\index.ts">
        <metrics statements="0" coveredstatements="0" conditionals="1" coveredconditionals="1" methods="1" coveredmethods="1"/>
      </file>
    </package>
    <package name="src.types.form">
      <metrics statements="0" coveredstatements="0" conditionals="1" coveredconditionals="1" methods="1" coveredmethods="1"/>
      <file name="index.ts" path="C:\Users\User\Desktop\testTask\avitoTestTask\client\src\types\form\index.ts">
        <metrics statements="0" coveredstatements="0" conditionals="1" coveredconditionals="1" methods="1" coveredmethods="1"/>
      </file>
    </package>
    <package name="src.types.queryTypes">
      <metrics statements="0" coveredstatements="0" conditionals="1" coveredconditionals="1" methods="1" coveredmethods="1"/>
      <file name="index.tsx" path="C:\Users\User\Desktop\testTask\avitoTestTask\client\src\types\queryTypes\index.tsx">
        <metrics statements="0" coveredstatements="0" conditionals="1" coveredconditionals="1" methods="1" coveredmethods="1"/>
      </file>
    </package>
    <package name="src.types.storeTypes">
      <metrics statements="0" coveredstatements="0" conditionals="1" coveredconditionals="1" methods="1" coveredmethods="1"/>
      <file name="index.ts" path="C:\Users\User\Desktop\testTask\avitoTestTask\client\src\types\storeTypes\index.ts">
        <metrics statements="0" coveredstatements="0" conditionals="1" coveredconditionals="1" methods="1" coveredmethods="1"/>
      </file>
    </package>
    <package name="src.types.uiTypes">
      <metrics statements="0" coveredstatements="0" conditionals="1" coveredconditionals="1" methods="1" coveredmethods="1"/>
      <file name="index.ts" path="C:\Users\User\Desktop\testTask\avitoTestTask\client\src\types\uiTypes\index.ts">
        <metrics statements="0" coveredstatements="0" conditionals="1" coveredconditionals="1" methods="1" coveredmethods="1"/>
      </file>
    </package>
    <package name="src.types.utilsTypes">
      <metrics statements="0" coveredstatements="0" conditionals="1" coveredconditionals="1" methods="1" coveredmethods="1"/>
      <file name="index.ts" path="C:\Users\User\Desktop\testTask\avitoTestTask\client\src\types\utilsTypes\index.ts">
        <metrics statements="0" coveredstatements="0" conditionals="1" coveredconditionals="1" methods="1" coveredmethods="1"/>
      </file>
    </package>
    <package name="src.utils">
      <metrics statements="66" coveredstatements="0" conditionals="4" coveredconditionals="2" methods="4" coveredmethods="2"/>
      <file name="dragAndDrop.ts" path="C:\Users\User\Desktop\testTask\avitoTestTask\client\src\utils\dragAndDrop.ts">
        <metrics statements="47" coveredstatements="0" conditionals="1" coveredconditionals="1" methods="1" coveredmethods="1"/>
        <line num="5" count="0" type="stmt"/>
        <line num="6" count="0" type="stmt"/>
        <line num="7" count="0" type="stmt"/>
        <line num="8" count="0" type="stmt"/>
        <line num="9" count="0" type="stmt"/>
        <line num="10" count="0" type="stmt"/>
        <line num="11" count="0" type="stmt"/>
        <line num="12" count="0" type="stmt"/>
        <line num="13" count="0" type="stmt"/>
        <line num="14" count="0" type="stmt"/>
        <line num="16" count="0" type="stmt"/>
        <line num="17" count="0" type="stmt"/>
        <line num="18" count="0" type="stmt"/>
        <line num="20" count="0" type="stmt"/>
        <line num="21" count="0" type="stmt"/>
        <line num="22" count="0" type="stmt"/>
        <line num="23" count="0" type="stmt"/>
        <line num="25" count="0" type="stmt"/>
        <line num="26" count="0" type="stmt"/>
        <line num="28" count="0" type="stmt"/>
        <line num="29" count="0" type="stmt"/>
        <line num="30" count="0" type="stmt"/>
        <line num="31" count="0" type="stmt"/>
        <line num="32" count="0" type="stmt"/>
        <line num="34" count="0" type="stmt"/>
        <line num="35" count="0" type="stmt"/>
        <line num="36" count="0" type="stmt"/>
        <line num="37" count="0" type="stmt"/>
        <line num="38" count="0" type="stmt"/>
        <line num="39" count="0" type="stmt"/>
        <line num="40" count="0" type="stmt"/>
        <line num="41" count="0" type="stmt"/>
        <line num="42" count="0" type="stmt"/>
        <line num="44" count="0" type="stmt"/>
        <line num="45" count="0" type="stmt"/>
        <line num="47" count="0" type="stmt"/>
        <line num="49" count="0" type="stmt"/>
        <line num="50" count="0" type="stmt"/>
        <line num="51" count="0" type="stmt"/>
        <line num="52" count="0" type="stmt"/>
        <line num="53" count="0" type="stmt"/>
        <line num="54" count="0" type="stmt"/>
        <line num="55" count="0" type="stmt"/>
        <line num="56" count="0" type="stmt"/>
        <line num="57" count="0" type="stmt"/>
        <line num="59" count="0" type="stmt"/>
        <line num="60" count="0" type="stmt"/>
      </file>
      <file name="getCurrentpath.ts" path="C:\Users\User\Desktop\testTask\avitoTestTask\client\src\utils\getCurrentpath.ts">
        <metrics statements="5" coveredstatements="0" conditionals="1" coveredconditionals="0" methods="1" coveredmethods="0"/>
        <line num="1" count="0" type="cond" truecount="0" falsecount="1"/>
        <line num="3" count="0" type="stmt"/>
        <line num="4" count="0" type="stmt"/>
        <line num="6" count="0" type="stmt"/>
        <line num="7" count="0" type="stmt"/>
      </file>
      <file name="getFilteredTaskList.ts" path="C:\Users\User\Desktop\testTask\avitoTestTask\client\src\utils\getFilteredTaskList.ts">
        <metrics statements="7" coveredstatements="0" conditionals="1" coveredconditionals="1" methods="1" coveredmethods="1"/>
        <line num="3" count="0" type="stmt"/>
        <line num="4" count="0" type="stmt"/>
        <line num="5" count="0" type="stmt"/>
        <line num="6" count="0" type="stmt"/>
        <line num="7" count="0" type="stmt"/>
        <line num="8" count="0" type="stmt"/>
        <line num="9" count="0" type="stmt"/>
      </file>
      <file name="truncateText.ts" path="C:\Users\User\Desktop\testTask\avitoTestTask\client\src\utils\truncateText.ts">
        <metrics statements="7" coveredstatements="0" conditionals="1" coveredconditionals="0" methods="1" coveredmethods="0"/>
        <line num="1" count="0" type="cond" truecount="0" falsecount="1"/>
        <line num="2" count="0" type="stmt"/>
        <line num="3" count="0" type="stmt"/>
        <line num="4" count="0" type="stmt"/>
        <line num="6" count="0" type="stmt"/>
        <line num="7" count="0" type="stmt"/>
        <line num="8" count="0" type="stmt"/>
      </file>
    </package>
  </project>
</coverage>
